2020-09-09 02:28:19 +0000  Initial pipeline context: <IDEDistributionProcessingPipelineContext: 0x7fa6f4df4240; archive(resolved)='<IDEArchive: 0x7fa6f4b72a70>', distributionTask(resolved)='2', distributionDestination(resolved)='1', distributionMethod(resolved)='<IDEDistributionMethodiOSEnterprise: 0x7fa6f37a6f70>', team(resolved)='<IDEProvisioningDisambiguatableBasicTeam: 0x7fa6f2cce3a0; teamID='A84JTBCNV7', teamName='Titan Software, LLC', teamType='Enterprise', username='chris@titansoftware.mobi', isFreeProvisioningTeam='0'>'>
	Chain (13, self inclusive):
	<IDEDistributionProcessingPipelineContext: 0x7fa6f4df4240; archive = '<IDEArchive: 0x7fa6f4b72a70>', distributionMethod='<IDEDistributionMethodiOSEnterprise: 0x7fa6f37a6f70>', team='<IDEProvisioningDisambiguatableBasicTeam: 0x7fa6f2cce3a0; teamID='A84JTBCNV7', teamName='Titan Software, LLC', teamType='Enterprise', username='chris@titansoftware.mobi', isFreeProvisioningTeam='0'>'>
	<IDEDistributionProcessingPipelineContext: 0x7fa6f49264f0; archive = '<IDEArchive: 0x7fa6f4b72a70>', distributionMethod='<IDEDistributionMethodiOSEnterprise: 0x7fa6f37a6f70>', team='<IDEProvisioningDisambiguatableBasicTeam: 0x7fa6f2cce3a0; teamID='A84JTBCNV7', teamName='Titan Software, LLC', teamType='Enterprise', username='chris@titansoftware.mobi', isFreeProvisioningTeam='0'>'>
	<IDEDistributionContext: 0x7fa6f3466d10; archive = '<IDEArchive: 0x7fa6f4b72a70>', distributionMethod='<IDEDistributionMethodiOSEnterprise: 0x7fa6f37a6f70>', team='<IDEProvisioningDisambiguatableBasicTeam: 0x7fa6f2cce3a0; teamID='A84JTBCNV7', teamName='Titan Software, LLC', teamType='Enterprise', username='chris@titansoftware.mobi', isFreeProvisioningTeam='0'>'>
	<IDEDistributionContext: 0x7fa6f6149260; archive = '<IDEArchive: 0x7fa6f4b72a70>', distributionMethod='<IDEDistributionMethodiOSEnterprise: 0x7fa6f37a6f70>', team='<IDEProvisioningDisambiguatableBasicTeam: 0x7fa6f2cce3a0; teamID='A84JTBCNV7', teamName='Titan Software, LLC', teamType='Enterprise', username='chris@titansoftware.mobi', isFreeProvisioningTeam='0'>'>
	<IDEDistributionContext: 0x7fa6f335c5e0; archive = '<IDEArchive: 0x7fa6f4b72a70>', distributionMethod='<IDEDistributionMethodiOSEnterprise: 0x7fa6f37a6f70>', team='<IDEProvisioningDisambiguatableBasicTeam: 0x7fa6f2cce3a0; teamID='A84JTBCNV7', teamName='Titan Software, LLC', teamType='Enterprise', username='chris@titansoftware.mobi', isFreeProvisioningTeam='0'>'>
	<IDEDistributionContext: 0x7fa6f33525c0; archive = '<IDEArchive: 0x7fa6f4b72a70>', distributionMethod='<IDEDistributionMethodiOSEnterprise: 0x7fa6f37a6f70>', team='<IDEProvisioningDisambiguatableBasicTeam: 0x7fa6f2cce3a0; teamID='A84JTBCNV7', teamName='Titan Software, LLC', teamType='Enterprise', username='chris@titansoftware.mobi', isFreeProvisioningTeam='0'>'>
	<IDEDistributionContext: 0x7fa6f61be1c0; archive = '<IDEArchive: 0x7fa6f4b72a70>', distributionMethod='<IDEDistributionMethodiOSEnterprise: 0x7fa6f37a6f70>', team='<IDEProvisioningDisambiguatableBasicTeam: 0x7fa6f2cce3a0; teamID='A84JTBCNV7', teamName='Titan Software, LLC', teamType='Enterprise', username='chris@titansoftware.mobi', isFreeProvisioningTeam='0'>'>
	<IDEDistributionContext: 0x7fa6f7917520; archive = '<IDEArchive: 0x7fa6f4b72a70>', distributionMethod='<IDEDistributionMethodiOSEnterprise: 0x7fa6f37a6f70>', team='<IDEProvisioningDisambiguatableBasicTeam: 0x7fa6f2cce3a0; teamID='A84JTBCNV7', teamName='Titan Software, LLC', teamType='Enterprise', username='chris@titansoftware.mobi', isFreeProvisioningTeam='0'>'>
	<IDEDistributionContext: 0x7fa6f67e8240; archive = '<IDEArchive: 0x7fa6f4b72a70>', distributionMethod='<IDEDistributionMethodiOSEnterprise: 0x7fa6f37a6f70>', team='<IDEProvisioningDisambiguatableBasicTeam: 0x7fa6f2cce3a0; teamID='A84JTBCNV7', teamName='Titan Software, LLC', teamType='Enterprise', username='chris@titansoftware.mobi', isFreeProvisioningTeam='0'>'>
	<IDEDistributionContext: 0x7fa6f61c9280; archive = '<IDEArchive: 0x7fa6f4b72a70>', distributionMethod='<IDEDistributionMethodiOSEnterprise: 0x7fa6f37a6f70>', team='(null)'>
	<IDEDistributionContext: 0x7fa6f6199a20; archive = '<IDEArchive: 0x7fa6f4b72a70>', distributionMethod='<IDEDistributionMethodiOSEnterprise: 0x7fa6f37a6f70>', team='(null)'>
	<IDEDistributionContext: 0x7fa6f6387cd0; archive = '<IDEArchive: 0x7fa6f4b72a70>', distributionMethod='<IDEDistributionMethodiOSEnterprise: 0x7fa6f37a6f70>', team='(null)'>
	<IDEDistributionContext: 0x7fa6f63eb130; archive = '<IDEArchive: 0x7fa6f4b72a70>', distributionMethod='(null)', team='(null)'>
</IDEDistributionProcessingPipelineContext: 0x7fa6f4df4240>
2020-09-09 02:28:19 +0000  Processing step: IDEDistributionCreateDestRootStep
2020-09-09 02:28:19 +0000  Processing step: IDEDistributionCopyItemStep
2020-09-09 02:28:19 +0000  Running /usr/bin/ditto '-V' '/Users/chrisbenson/Library/Developer/Xcode/Archives/2020-09-08/easyPoD 9-8-20, 10.27 PM.xcarchive/Products/Applications/easyPoD.app' '/var/folders/db/y_dfrzrn2kd1lc8630sft_qc0000gn/T/XcodeDistPipeline.~~~6b4I5Z/Root/Payload/easyPoD.app'
2020-09-09 02:28:19 +0000  >>> Copying /Users/chrisbenson/Library/Developer/Xcode/Archives/2020-09-08/easyPoD 9-8-20, 10.27 PM.xcarchive/Products/Applications/easyPoD.app 
2020-09-09 02:28:19 +0000  copying file ./_CodeSignature/CodeResources ... 
2020-09-09 02:28:19 +0000  69141 bytes for ./_CodeSignature/CodeResources
2020-09-09 02:28:19 +0000  copying file ./LaunchImage-1100-Portrait-2436h@3x.png ... 
2020-09-09 02:28:19 +0000  3473359 bytes for ./LaunchImage-1100-Portrait-2436h@3x.png
2020-09-09 02:28:19 +0000  copying file ./LaunchImage@2x.png ... 
2020-09-09 02:28:19 +0000  999146 bytes for ./LaunchImage@2x.png
2020-09-09 02:28:19 +0000  copying file ./AppIcon20x20@2x.png ... 
2020-09-09 02:28:19 +0000  2435 bytes for ./AppIcon20x20@2x.png
2020-09-09 02:28:19 +0000  copying file ./MainViewController.nib ... 
2020-09-09 02:28:19 +0000  980 bytes for ./MainViewController.nib
2020-09-09 02:28:19 +0000  copying file ./AppIcon57x57.png ... 
2020-09-09 02:28:19 +0000  3482 bytes for ./AppIcon57x57.png
2020-09-09 02:28:19 +0000  copying file ./AppIcon20x20@3x.png ... 
2020-09-09 02:28:19 +0000  3618 bytes for ./AppIcon20x20@3x.png
copying file ./AppIcon29x29.png ... 
2020-09-09 02:28:19 +0000  1705 bytes for ./AppIcon29x29.png
2020-09-09 02:28:19 +0000  copying file ./LaunchImage-568h@2x.png ... 
2020-09-09 02:28:19 +0000  1129680 bytes for ./LaunchImage-568h@2x.png
2020-09-09 02:28:19 +0000  copying file ./AppIcon60x60@2x.png ... 
2020-09-09 02:28:19 +0000  6743 bytes for ./AppIcon60x60@2x.png
2020-09-09 02:28:19 +0000  copying file ./AppIcon72x72@2x~ipad.png ... 
2020-09-09 02:28:19 +0000  7814 bytes for ./AppIcon72x72@2x~ipad.png
2020-09-09 02:28:19 +0000  copying file ./AppIcon29x29@2x.png ... 
2020-09-09 02:28:19 +0000  3455 bytes for ./AppIcon29x29@2x.png
2020-09-09 02:28:19 +0000  copying file ./LaunchImage-1100-Landscape-2436h@3x.png ... 
2020-09-09 02:28:19 +0000  4364895 bytes for ./LaunchImage-1100-Landscape-2436h@3x.png
2020-09-09 02:28:19 +0000  copying file ./LaunchImage-800-667h@2x.png ... 
2020-09-09 02:28:19 +0000  1509620 bytes for ./LaunchImage-800-667h@2x.png
2020-09-09 02:28:19 +0000  copying file ./LaunchImage-Portrait@2x~ipad.png ... 
2020-09-09 02:28:19 +0000  4486765 bytes for ./LaunchImage-Portrait@2x~ipad.png
2020-09-09 02:28:19 +0000  copying file ./AppIcon40x40@3x.png ... 
2020-09-09 02:28:19 +0000  6743 bytes for ./AppIcon40x40@3x.png
2020-09-09 02:28:19 +0000  copying file ./AppIcon57x57@2x.png ... 
2020-09-09 02:28:19 +0000  6457 bytes for ./AppIcon57x57@2x.png
2020-09-09 02:28:19 +0000  copying file ./AppIcon29x29~ipad.png ... 
2020-09-09 02:28:19 +0000  1705 bytes for ./AppIcon29x29~ipad.png
2020-09-09 02:28:19 +0000  copying file ./AppIcon40x40@2x.png ... 
2020-09-09 02:28:19 +0000  4946 bytes for ./AppIcon40x40@2x.png
2020-09-09 02:28:19 +0000  copying file ./LaunchImage-Portrait~ipad.png ... 
2020-09-09 02:28:19 +0000  1273311 bytes for ./LaunchImage-Portrait~ipad.png
2020-09-09 02:28:19 +0000  copying file ./AppIcon29x29@3x.png ... 
2020-09-09 02:28:19 +0000  5133 bytes for ./AppIcon29x29@3x.png
2020-09-09 02:28:19 +0000  copying file ./AppIcon60x60@3x.png ... 
2020-09-09 02:28:19 +0000  9018 bytes for ./AppIcon60x60@3x.png
2020-09-09 02:28:19 +0000  copying file ./config.xml ... 
2020-09-09 02:28:19 +0000  9628 bytes for ./config.xml
2020-09-09 02:28:19 +0000  copying file ./www/index.html ... 
2020-09-09 02:28:19 +0000  1835 bytes for ./www/index.html
2020-09-09 02:28:19 +0000  copying file ./www/cordova.js ... 
2020-09-09 02:28:19 +0000  69846 bytes for ./www/cordova.js
2020-09-09 02:28:19 +0000  copying file ./www/plugins/cordova-plugin-file/www/requestFileSystem.js ... 
2020-09-09 02:28:19 +0000  3244 bytes for ./www/plugins/cordova-plugin-file/www/requestFileSystem.js
2020-09-09 02:28:19 +0000  copying file ./www/plugins/cordova-plugin-file/www/DirectoryEntry.js ... 
2020-09-09 02:28:19 +0000  4681 bytes for ./www/plugins/cordova-plugin-file/www/DirectoryEntry.js
2020-09-09 02:28:19 +0000  copying file ./www/plugins/cordova-plugin-file/www/FileSystem.js ... 
2020-09-09 02:28:19 +0000  1960 bytes for ./www/plugins/cordova-plugin-file/www/FileSystem.js
2020-09-09 02:28:19 +0000  copying file ./www/plugins/cordova-plugin-file/www/Flags.js ... 
2020-09-09 02:28:19 +0000  1336 bytes for ./www/plugins/cordova-plugin-file/www/Flags.js
2020-09-09 02:28:19 +0000  copying file ./www/plugins/cordova-plugin-file/www/fileSystemPaths.js ... 
2020-09-09 02:28:19 +0000  2548 bytes for ./www/plugins/cordova-plugin-file/www/fileSystemPaths.js
2020-09-09 02:28:19 +0000  copying file ./www/plugins/cordova-plugin-file/www/FileEntry.js ... 
2020-09-09 02:28:19 +0000  3423 bytes for ./www/plugins/cordova-plugin-file/www/FileEntry.js
copying file ./www/plugins/cordova-plugin-file/www/fileSystems.js ... 
2020-09-09 02:28:19 +0000  1047 bytes for ./www/plugins/cordova-plugin-file/www/fileSystems.js
2020-09-09 02:28:19 +0000  copying file ./www/plugins/cordova-plugin-file/www/DirectoryReader.js ... 
2020-09-09 02:28:19 +0000  2724 bytes for ./www/plugins/cordova-plugin-file/www/DirectoryReader.js
2020-09-09 02:28:19 +0000  copying file ./www/plugins/cordova-plugin-file/www/Metadata.js ... 
2020-09-09 02:28:19 +0000  1488 bytes for ./www/plugins/cordova-plugin-file/www/Metadata.js
2020-09-09 02:28:19 +0000  copying file ./www/plugins/cordova-plugin-file/www/ios/FileSystem.js ... 
2020-09-09 02:28:19 +0000  1222 bytes for ./www/plugins/cordova-plugin-file/www/ios/FileSystem.js
2020-09-09 02:28:19 +0000  copying file ./www/plugins/cordova-plugin-file/www/browser/isChrome.js ... 
2020-09-09 02:28:19 +0000  1232 bytes for ./www/plugins/cordova-plugin-file/www/browser/isChrome.js
2020-09-09 02:28:19 +0000  copying file ./www/plugins/cordova-plugin-file/www/LocalFileSystem.js ... 
2020-09-09 02:28:19 +0000  957 bytes for ./www/plugins/cordova-plugin-file/www/LocalFileSystem.js
2020-09-09 02:28:19 +0000  copying file ./www/plugins/cordova-plugin-file/www/FileReader.js ... 
2020-09-09 02:28:19 +0000  10523 bytes for ./www/plugins/cordova-plugin-file/www/FileReader.js
2020-09-09 02:28:19 +0000  copying file ./www/plugins/cordova-plugin-file/www/fileSystems-roots.js ... 
2020-09-09 02:28:19 +0000  1598 bytes for ./www/plugins/cordova-plugin-file/www/fileSystems-roots.js
2020-09-09 02:28:19 +0000  copying file ./www/plugins/cordova-plugin-file/www/FileUploadOptions.js ... 
2020-09-09 02:28:19 +0000  1831 bytes for ./www/plugins/cordova-plugin-file/www/FileUploadOptions.js
2020-09-09 02:28:19 +0000  copying file ./www/plugins/cordova-plugin-file/www/FileWriter.js ... 
2020-09-09 02:28:19 +0000  10544 bytes for ./www/plugins/cordova-plugin-file/www/FileWriter.js
2020-09-09 02:28:19 +0000  copying file ./www/plugins/cordova-plugin-file/www/FileError.js ... 
2020-09-09 02:28:19 +0000  1483 bytes for ./www/plugins/cordova-plugin-file/www/FileError.js
2020-09-09 02:28:19 +0000  copying file ./www/plugins/cordova-plugin-file/www/FileUploadResult.js ... 
2020-09-09 02:28:19 +0000  1111 bytes for ./www/plugins/cordova-plugin-file/www/FileUploadResult.js
2020-09-09 02:28:19 +0000  copying file ./www/plugins/cordova-plugin-file/www/ProgressEvent.js ... 
2020-09-09 02:28:19 +0000  2544 bytes for ./www/plugins/cordova-plugin-file/www/ProgressEvent.js
2020-09-09 02:28:19 +0000  copying file ./www/plugins/cordova-plugin-file/www/File.js ... 
2020-09-09 02:28:19 +0000  2714 bytes for ./www/plugins/cordova-plugin-file/www/File.js
2020-09-09 02:28:19 +0000  copying file ./www/plugins/cordova-plugin-file/www/resolveLocalFileSystemURI.js ... 
2020-09-09 02:28:19 +0000  4325 bytes for ./www/plugins/cordova-plugin-file/www/resolveLocalFileSystemURI.js
2020-09-09 02:28:19 +0000  copying file ./www/plugins/cordova-plugin-file/www/Entry.js ... 
2020-09-09 02:28:19 +0000  9869 bytes for ./www/plugins/cordova-plugin-file/www/Entry.js
2020-09-09 02:28:19 +0000  copying file ./www/plugins/cordova-plugin-advanced-http/www/angular-integration.js ... 
2020-09-09 02:28:19 +0000  3646 bytes for ./www/plugins/cordova-plugin-advanced-http/www/angular-integration.js
2020-09-09 02:28:19 +0000  copying file ./www/plugins/cordova-plugin-advanced-http/www/cookie-handler.js ... 
2020-09-09 02:28:19 +0000  2096 bytes for ./www/plugins/cordova-plugin-advanced-http/www/cookie-handler.js
2020-09-09 02:28:19 +0000  copying file ./www/plugins/cordova-plugin-advanced-http/www/local-storage-store.js ... 
2020-09-09 02:28:19 +0000  5427 bytes for ./www/plugins/cordova-plugin-advanced-http/www/local-storage-store.js
2020-09-09 02:28:19 +0000  copying file ./www/plugins/cordova-plugin-advanced-http/www/advanced-http.js ... 
2020-09-09 02:28:19 +0000  5615 bytes for ./www/plugins/cordova-plugin-advanced-http/www/advanced-http.js
2020-09-09 02:28:19 +0000  copying file ./www/plugins/cordova-plugin-advanced-http/www/umd-tough-cookie.js ... 
2020-09-09 02:28:19 +0000  290827 bytes for ./www/plugins/cordova-plugin-advanced-http/www/umd-tough-cookie.js
2020-09-09 02:28:19 +0000  copying file ./www/plugins/cordova-plugin-advanced-http/www/helpers.js ... 
2020-09-09 02:28:19 +0000  6968 bytes for ./www/plugins/cordova-plugin-advanced-http/www/helpers.js
2020-09-09 02:28:19 +0000  copying file ./www/plugins/cordova-plugin-advanced-http/www/lodash.js ... 
2020-09-09 02:28:19 +0000  8271 bytes for ./www/plugins/cordova-plugin-advanced-http/www/lodash.js
2020-09-09 02:28:19 +0000  copying file ./www/plugins/cordova-plugin-advanced-http/www/messages.js ... 
2020-09-09 02:28:19 +0000  967 bytes for ./www/plugins/cordova-plugin-advanced-http/www/messages.js
2020-09-09 02:28:19 +0000  copying file ./www/plugins/cordova-plugin-file-opener2/www/plugins.FileOpener2.js ... 
2020-09-09 02:28:19 +0000  2418 bytes for ./www/plugins/cordova-plugin-file-opener2/www/plugins.FileOpener2.js
2020-09-09 02:28:19 +0000  copying file ./www/plugins/cordova-plugin-ionic-webview/src/www/ios/ios-wkwebview-exec.js ... 
2020-09-09 02:28:19 +0000  6167 bytes for ./www/plugins/cordova-plugin-ionic-webview/src/www/ios/ios-wkwebview-exec.js
2020-09-09 02:28:19 +0000  copying file ./www/plugins/cordova-plugin-app-version/www/AppVersionPlugin.js ... 
2020-09-09 02:28:19 +0000  2276 bytes for ./www/plugins/cordova-plugin-app-version/www/AppVersionPlugin.js
2020-09-09 02:28:19 +0000  copying file ./www/plugins/cordova-plugin-inappbrowser/www/inappbrowser.js ... 
2020-09-09 02:28:19 +0000  4485 bytes for ./www/plugins/cordova-plugin-inappbrowser/www/inappbrowser.js
2020-09-09 02:28:19 +0000  copying file ./www/plugins/cordova-plugin-device/www/device.js ... 
2020-09-09 02:28:19 +0000  3070 bytes for ./www/plugins/cordova-plugin-device/www/device.js
2020-09-09 02:28:19 +0000  copying file ./www/plugins/cordova-sqlite-storage/www/SQLitePlugin.js ... 
2020-09-09 02:28:19 +0000  33721 bytes for ./www/plugins/cordova-sqlite-storage/www/SQLitePlugin.js
2020-09-09 02:28:19 +0000  copying file ./www/plugins/cordova-plugin-appversion/www/app-version.js ... 
2020-09-09 02:28:19 +0000  2641 bytes for ./www/plugins/cordova-plugin-appversion/www/app-version.js
2020-09-09 02:28:19 +0000  copying file ./www/plugins/cordova-plugin-file-transfer/www/FileTransferError.js ... 
2020-09-09 02:28:19 +0000  1488 bytes for ./www/plugins/cordova-plugin-file-transfer/www/FileTransferError.js
2020-09-09 02:28:19 +0000  copying file ./www/plugins/cordova-plugin-file-transfer/www/FileTransfer.js ... 
2020-09-09 02:28:19 +0000  8568 bytes for ./www/plugins/cordova-plugin-file-transfer/www/FileTransfer.js
2020-09-09 02:28:19 +0000  copying file ./www/plugins/cordova-plugin-network-information/www/Connection.js ... 
2020-09-09 02:28:19 +0000  1132 bytes for ./www/plugins/cordova-plugin-network-information/www/Connection.js
2020-09-09 02:28:19 +0000  copying file ./www/plugins/cordova-plugin-network-information/www/network.js ... 
2020-09-09 02:28:19 +0000  3369 bytes for ./www/plugins/cordova-plugin-network-information/www/network.js
2020-09-09 02:28:19 +0000  copying file ./www/plugins/cordova-plugin-app-update/www/AppUpdate.js ... 
2020-09-09 02:28:19 +0000  1447 bytes for ./www/plugins/cordova-plugin-app-update/www/AppUpdate.js
2020-09-09 02:28:19 +0000  copying file ./www/plugins/cordova-plugin-x-toast/www/Toast.js ... 
2020-09-09 02:28:19 +0000  2727 bytes for ./www/plugins/cordova-plugin-x-toast/www/Toast.js
2020-09-09 02:28:19 +0000  copying file ./www/plugins/cordova-plugin-dialogs/www/notification.js ... 
2020-09-09 02:28:19 +0000  6013 bytes for ./www/plugins/cordova-plugin-dialogs/www/notification.js
2020-09-09 02:28:19 +0000  copying file ./www/plugins/cordova-plugin-camera/www/CameraPopoverOptions.js ... 
2020-09-09 02:28:19 +0000  2296 bytes for ./www/plugins/cordova-plugin-camera/www/CameraPopoverOptions.js
2020-09-09 02:28:19 +0000  copying file ./www/plugins/cordova-plugin-camera/www/ios/CameraPopoverHandle.js ... 
2020-09-09 02:28:19 +0000  2271 bytes for ./www/plugins/cordova-plugin-camera/www/ios/CameraPopoverHandle.js
2020-09-09 02:28:19 +0000  copying file ./www/plugins/cordova-plugin-camera/www/CameraConstants.js ... 
2020-09-09 02:28:19 +0000  3488 bytes for ./www/plugins/cordova-plugin-camera/www/CameraConstants.js
2020-09-09 02:28:19 +0000  copying file ./www/plugins/cordova-plugin-camera/www/Camera.js ... 
2020-09-09 02:28:19 +0000  7995 bytes for ./www/plugins/cordova-plugin-camera/www/Camera.js
2020-09-09 02:28:19 +0000  copying file ./www/plugins/cordova-plugin-statusbar/www/statusbar.js ... 
2020-09-09 02:28:19 +0000  3376 bytes for ./www/plugins/cordova-plugin-statusbar/www/statusbar.js
2020-09-09 02:28:19 +0000  copying file ./www/plugins/cordova-plugin-splashscreen/www/splashscreen.js ... 
2020-09-09 02:28:19 +0000  1173 bytes for ./www/plugins/cordova-plugin-splashscreen/www/splashscreen.js
2020-09-09 02:28:19 +0000  copying file ./www/plugins/cordova-plugin-ionic-keyboard/www/ios/keyboard.js ... 
2020-09-09 02:28:19 +0000  2676 bytes for ./www/plugins/cordova-plugin-ionic-keyboard/www/ios/keyboard.js
2020-09-09 02:28:19 +0000  copying file ./www/cordova-js-src/exec.js ... 
2020-09-09 02:28:19 +0000  8856 bytes for ./www/cordova-js-src/exec.js
2020-09-09 02:28:19 +0000  copying file ./www/cordova-js-src/plugin/ios/logger.js ... 
2020-09-09 02:28:19 +0000  10181 bytes for ./www/cordova-js-src/plugin/ios/logger.js
2020-09-09 02:28:19 +0000  copying file ./www/cordova-js-src/plugin/ios/console.js ... 
2020-09-09 02:28:19 +0000  6873 bytes for ./www/cordova-js-src/plugin/ios/console.js
2020-09-09 02:28:19 +0000  copying file ./www/cordova-js-src/platform.js ... 
2020-09-09 02:28:19 +0000  1168 bytes for ./www/cordova-js-src/platform.js
2020-09-09 02:28:19 +0000  copying file ./www/manifest.json ... 
2020-09-09 02:28:19 +0000  266 bytes for ./www/manifest.json
2020-09-09 02:28:19 +0000  copying file ./www/cordova_plugins.js ... 
2020-09-09 02:28:19 +0000  12640 bytes for ./www/cordova_plugins.js
2020-09-09 02:28:19 +0000  copying file ./www/service-worker.js ... 
2020-09-09 02:28:19 +0000  741 bytes for ./www/service-worker.js
2020-09-09 02:28:19 +0000  copying file ./www/build/polyfills.js ... 
2020-09-09 02:28:19 +0000  97180 bytes for ./www/build/polyfills.js
2020-09-09 02:28:19 +0000  copying file ./www/build/main.css ... 
2020-09-09 02:28:19 +0000  819384 bytes for ./www/build/main.css
2020-09-09 02:28:19 +0000  copying file ./www/build/vendor.js ... 
2020-09-09 02:28:19 +0000  3477125 bytes for ./www/build/vendor.js
2020-09-09 02:28:19 +0000  copying file ./www/build/main.js ... 
2020-09-09 02:28:19 +0000  680578 bytes for ./www/build/main.js
2020-09-09 02:28:19 +0000  copying file ./www/build/sw-toolbox.js ... 
2020-09-09 02:28:19 +0000  15793 bytes for ./www/build/sw-toolbox.js
2020-09-09 02:28:19 +0000  copying file ./www/assets/imgs/walkthrough-alt.png ... 
2020-09-09 02:28:19 +0000  56312 bytes for ./www/assets/imgs/walkthrough-alt.png
2020-09-09 02:28:19 +0000  copying file ./www/assets/imgs/mail.png ... 
2020-09-09 02:28:19 +0000  1290 bytes for ./www/assets/imgs/mail.png
2020-09-09 02:28:19 +0000  copying file ./www/assets/imgs/song.png ... 
2020-09-09 02:28:19 +0000  4498 bytes for ./www/assets/imgs/song.png
2020-09-09 02:28:19 +0000  copying file ./www/assets/imgs/primesourceLogo.png ... 
2020-09-09 02:28:19 +0000  19489 bytes for ./www/assets/imgs/primesourceLogo.png
2020-09-09 02:28:19 +0000  copying file ./www/assets/imgs/home-alt.png ... 
2020-09-09 02:28:19 +0000  188881 bytes for ./www/assets/imgs/home-alt.png
2020-09-09 02:28:19 +0000  copying file ./www/assets/imgs/outlook.png ... 
2020-09-09 02:28:19 +0000  1207 bytes for ./www/assets/imgs/outlook.png
2020-09-09 02:28:19 +0000  copying file ./www/assets/imgs/map.png ... 
2020-09-09 02:28:19 +0000  99486 bytes for ./www/assets/imgs/map.png
copying file ./www/assets/imgs/gmail.png ... 
2020-09-09 02:28:19 +0000  1708 bytes for ./www/assets/imgs/gmail.png
2020-09-09 02:28:19 +0000  copying file ./www/assets/imgs/sked.png ... 
2020-09-09 02:28:19 +0000  1581 bytes for ./www/assets/imgs/sked.png
2020-09-09 02:28:19 +0000  copying file ./www/assets/imgs/folder.png ... 
2020-09-09 02:28:19 +0000  902 bytes for ./www/assets/imgs/folder.png
copying file ./www/assets/imgs/avatar.png ... 
2020-09-09 02:28:19 +0000  4598 bytes for ./www/assets/imgs/avatar.png
copying file ./www/assets/imgs/icloud.png ... 
2020-09-09 02:28:19 +0000  1053 bytes for ./www/assets/imgs/icloud.png
2020-09-09 02:28:19 +0000  copying file ./www/assets/imgs/logo.png ... 
2020-09-09 02:28:19 +0000  39757 bytes for ./www/assets/imgs/logo.png
2020-09-09 02:28:19 +0000  copying file ./www/assets/imgs/mail-ru.png ... 
2020-09-09 02:28:19 +0000  1485 bytes for ./www/assets/imgs/mail-ru.png
copying file ./www/assets/imgs/jpg.png ... 
2020-09-09 02:28:19 +0000  4465 bytes for ./www/assets/imgs/jpg.png
2020-09-09 02:28:19 +0000  copying file ./www/assets/imgs/walkthrough.png ... 
2020-09-09 02:28:19 +0000  40249 bytes for ./www/assets/imgs/walkthrough.png
2020-09-09 02:28:19 +0000  copying file ./www/assets/imgs/aol.png ... 
2020-09-09 02:28:19 +0000  1431 bytes for ./www/assets/imgs/aol.png
2020-09-09 02:28:19 +0000  copying file ./www/assets/imgs/profile.png ... 
2020-09-09 02:28:19 +0000  8754 bytes for ./www/assets/imgs/profile.png
2020-09-09 02:28:19 +0000  copying file ./www/assets/imgs/yahoo.png ... 
2020-09-09 02:28:19 +0000  6352 bytes for ./www/assets/imgs/yahoo.png
2020-09-09 02:28:19 +0000  copying file ./www/assets/imgs/prod3.png ... 
2020-09-09 02:28:19 +0000  50687 bytes for ./www/assets/imgs/prod3.png
2020-09-09 02:28:19 +0000  copying file ./www/assets/imgs/album1.png ... 
2020-09-09 02:28:19 +0000  194976 bytes for ./www/assets/imgs/album1.png
2020-09-09 02:28:19 +0000  copying file ./www/assets/imgs/prod2.png ... 
2020-09-09 02:28:19 +0000  44533 bytes for ./www/assets/imgs/prod2.png
2020-09-09 02:28:19 +0000  copying file ./www/assets/imgs/album2.png ... 
2020-09-09 02:28:19 +0000  205278 bytes for ./www/assets/imgs/album2.png
2020-09-09 02:28:19 +0000  copying file ./www/assets/imgs/album3.png ... 
2020-09-09 02:28:19 +0000  170747 bytes for ./www/assets/imgs/album3.png
2020-09-09 02:28:19 +0000  copying file ./www/assets/imgs/mastercard.png ... 
2020-09-09 02:28:19 +0000  4561 bytes for ./www/assets/imgs/mastercard.png
2020-09-09 02:28:19 +0000  copying file ./www/assets/imgs/prod1.png ... 
2020-09-09 02:28:19 +0000  41299 bytes for ./www/assets/imgs/prod1.png
2020-09-09 02:28:19 +0000  copying file ./www/assets/imgs/yandex.png ... 
2020-09-09 02:28:19 +0000  2358 bytes for ./www/assets/imgs/yandex.png
2020-09-09 02:28:19 +0000  copying file ./www/assets/imgs/photos.png ... 
2020-09-09 02:28:19 +0000  1558 bytes for ./www/assets/imgs/photos.png
copying file ./www/assets/imgs/album6.png ... 
2020-09-09 02:28:19 +0000  105863 bytes for ./www/assets/imgs/album6.png
2020-09-09 02:28:19 +0000  copying file ./www/assets/imgs/mp4.png ... 
2020-09-09 02:28:19 +0000  4764 bytes for ./www/assets/imgs/mp4.png
2020-09-09 02:28:19 +0000  copying file ./www/assets/imgs/prod4.png ... 
2020-09-09 02:28:19 +0000  39470 bytes for ./www/assets/imgs/prod4.png
2020-09-09 02:28:19 +0000  copying file ./www/assets/imgs/album4.png ... 
2020-09-09 02:28:19 +0000  197476 bytes for ./www/assets/imgs/album4.png
2020-09-09 02:28:19 +0000  copying file ./www/assets/imgs/ps-truck-2.jpg ... 
2020-09-09 02:28:19 +0000  306270 bytes for ./www/assets/imgs/ps-truck-2.jpg
2020-09-09 02:28:19 +0000  copying file ./www/assets/imgs/album5.png ... 
2020-09-09 02:28:19 +0000  181982 bytes for ./www/assets/imgs/album5.png
2020-09-09 02:28:19 +0000  copying file ./www/assets/icon/favicon.ico ... 
2020-09-09 02:28:19 +0000  1981 bytes for ./www/assets/icon/favicon.ico
2020-09-09 02:28:19 +0000  copying file ./www/assets/fonts/rubik-regular-cyrillic.woff2 ... 
2020-09-09 02:28:19 +0000  6660 bytes for ./www/assets/fonts/rubik-regular-cyrillic.woff2
2020-09-09 02:28:19 +0000  copying file ./www/assets/fonts/rubik.woff2 ... 
2020-09-09 02:28:19 +0000  16012 bytes for ./www/assets/fonts/rubik.woff2
2020-09-09 02:28:19 +0000  copying file ./www/assets/fonts/roboto-light.woff2 ... 
2020-09-09 02:28:19 +0000  10220 bytes for ./www/assets/fonts/roboto-light.woff2
2020-09-09 02:28:19 +0000  copying file ./www/assets/fonts/rubik-bold-italic-hebrew.woff2 ... 
2020-09-09 02:28:19 +0000  4228 bytes for ./www/assets/fonts/rubik-bold-italic-hebrew.woff2
2020-09-09 02:28:19 +0000  copying file ./www/assets/fonts/roboto-regular.woff2 ... 
2020-09-09 02:28:19 +0000  10196 bytes for ./www/assets/fonts/roboto-regular.woff2
2020-09-09 02:28:19 +0000  copying file ./www/assets/fonts/rubik-medium-latin-ext.woff2 ... 
2020-09-09 02:28:19 +0000  9112 bytes for ./www/assets/fonts/rubik-medium-latin-ext.woff2
2020-09-09 02:28:19 +0000  copying file ./www/assets/fonts/rubik-light-latin.woff2 ... 
2020-09-09 02:28:19 +0000  14648 bytes for ./www/assets/fonts/rubik-light-latin.woff2
2020-09-09 02:28:19 +0000  copying file ./www/assets/fonts/rubik-regular-latin.woff2 ... 
2020-09-09 02:28:19 +0000  16012 bytes for ./www/assets/fonts/rubik-regular-latin.woff2
2020-09-09 02:28:19 +0000  copying file ./www/assets/fonts/roboto-regular.woff ... 
2020-09-09 02:28:19 +0000  13308 bytes for ./www/assets/fonts/roboto-regular.woff
2020-09-09 02:28:19 +0000  copying file ./www/assets/fonts/rubik-bold-italic-cyrillic.woff2 ... 
2020-09-09 02:28:19 +0000  7444 bytes for ./www/assets/fonts/rubik-bold-italic-cyrillic.woff2
2020-09-09 02:28:19 +0000  copying file ./www/assets/fonts/rubik-black-cyrillic.woff2 ... 
2020-09-09 02:28:19 +0000  6140 bytes for ./www/assets/fonts/rubik-black-cyrillic.woff2
2020-09-09 02:28:19 +0000  copying file ./www/assets/fonts/rubik-bold-cyrillic.woff2 ... 
2020-09-09 02:28:19 +0000  6656 bytes for ./www/assets/fonts/rubik-bold-cyrillic.woff2
2020-09-09 02:28:19 +0000  copying file ./www/assets/fonts/rubik-medium-italic-latin-ext.woff2 ... 
2020-09-09 02:28:19 +0000  10152 bytes for ./www/assets/fonts/rubik-medium-italic-latin-ext.woff2
2020-09-09 02:28:19 +0000  copying file ./www/assets/fonts/roboto-light.woff ... 
2020-09-09 02:28:19 +0000  13360 bytes for ./www/assets/fonts/roboto-light.woff
2020-09-09 02:28:19 +0000  copying file ./www/assets/fonts/rubik-italic-cyrillic.woff2 ... 
2020-09-09 02:28:19 +0000  7472 bytes for ./www/assets/fonts/rubik-italic-cyrillic.woff2
2020-09-09 02:28:19 +0000  copying file ./www/assets/fonts/roboto-medium.woff2 ... 
2020-09-09 02:28:19 +0000  10192 bytes for ./www/assets/fonts/roboto-medium.woff2
2020-09-09 02:28:19 +0000  copying file ./www/assets/fonts/ionicons.woff ... 
2020-09-09 02:28:19 +0000  80356 bytes for ./www/assets/fonts/ionicons.woff
2020-09-09 02:28:19 +0000  copying file ./www/assets/fonts/rubik-bold-latin.woff2 ... 
2020-09-09 02:28:19 +0000  16184 bytes for ./www/assets/fonts/rubik-bold-latin.woff2
2020-09-09 02:28:19 +0000  copying file ./www/assets/fonts/rubik-bold-latin-ext.woff2 ... 
2020-09-09 02:28:19 +0000  8972 bytes for ./www/assets/fonts/rubik-bold-latin-ext.woff2
2020-09-09 02:28:19 +0000  copying file ./www/assets/fonts/rubik-medium-cyrillic.woff2 ... 
2020-09-09 02:28:19 +0000  6672 bytes for ./www/assets/fonts/rubik-medium-cyrillic.woff2
2020-09-09 02:28:19 +0000  copying file ./www/assets/fonts/rubik-light-latin-ext.woff2 ... 
2020-09-09 02:28:19 +0000  8188 bytes for ./www/assets/fonts/rubik-light-latin-ext.woff2
2020-09-09 02:28:19 +0000  copying file ./www/assets/fonts/roboto-bold.woff2 ... 
2020-09-09 02:28:19 +0000  10212 bytes for ./www/assets/fonts/roboto-bold.woff2
2020-09-09 02:28:19 +0000  copying file ./www/assets/fonts/rubik-light-italic-latin-ext.woff2 ... 
2020-09-09 02:28:19 +0000  9372 bytes for ./www/assets/fonts/rubik-light-italic-latin-ext.woff2
2020-09-09 02:28:19 +0000  copying file ./www/assets/fonts/rubik-light-italic-hebrew.woff2 ... 
2020-09-09 02:28:19 +0000  3840 bytes for ./www/assets/fonts/rubik-light-italic-hebrew.woff2
2020-09-09 02:28:19 +0000  copying file ./www/assets/fonts/rubik-light-hebrew.woff2 ... 
2020-09-09 02:28:19 +0000  3544 bytes for ./www/assets/fonts/rubik-light-hebrew.woff2
2020-09-09 02:28:19 +0000  copying file ./www/assets/fonts/rubik-light-italic-cyrillic.woff2 ... 
2020-09-09 02:28:19 +0000  6996 bytes for ./www/assets/fonts/rubik-light-italic-cyrillic.woff2
2020-09-09 02:28:19 +0000  copying file ./www/assets/fonts/rubik-black-latin.woff2 ... 
2020-09-09 02:28:19 +0000  14792 bytes for ./www/assets/fonts/rubik-black-latin.woff2
copying file ./www/assets/fonts/rubik-medium-latin.woff2 ... 
2020-09-09 02:28:19 +0000  16236 bytes for ./www/assets/fonts/rubik-medium-latin.woff2
2020-09-09 02:28:19 +0000  copying file ./www/assets/fonts/rubik-italic-latin.woff2 ... 
2020-09-09 02:28:19 +0000  16856 bytes for ./www/assets/fonts/rubik-italic-latin.woff2
2020-09-09 02:28:19 +0000  copying file ./www/assets/fonts/rubik-italic-latin-ext.woff2 ... 
2020-09-09 02:28:19 +0000  10168 bytes for ./www/assets/fonts/rubik-italic-latin-ext.woff2
2020-09-09 02:28:19 +0000  copying file ./www/assets/fonts/roboto-medium.woff ... 
2020-09-09 02:28:19 +0000  13248 bytes for ./www/assets/fonts/roboto-medium.woff
2020-09-09 02:28:19 +0000  copying file ./www/assets/fonts/rubik-medium-italic-hebrew.woff2 ... 
2020-09-09 02:28:19 +0000  4188 bytes for ./www/assets/fonts/rubik-medium-italic-hebrew.woff2
2020-09-09 02:28:19 +0000  copying file ./www/assets/fonts/rubik-light-cyrillic.woff2 ... 
2020-09-09 02:28:19 +0000  6120 bytes for ./www/assets/fonts/rubik-light-cyrillic.woff2
copying file ./www/assets/fonts/roboto-bold.woff ... 
2020-09-09 02:28:19 +0000  13348 bytes for ./www/assets/fonts/roboto-bold.woff
2020-09-09 02:28:19 +0000  copying file ./www/assets/fonts/rubik-bold-hebrew.woff2 ... 
2020-09-09 02:28:19 +0000  3888 bytes for ./www/assets/fonts/rubik-bold-hebrew.woff2
2020-09-09 02:28:19 +0000  copying file ./www/assets/fonts/rubik-black-hebrew.woff2 ... 
2020-09-09 02:28:19 +0000  3988 bytes for ./www/assets/fonts/rubik-black-hebrew.woff2
copying file ./www/assets/fonts/rubik-black-italic-hebrew.woff2 ... 
2020-09-09 02:28:19 +0000  4132 bytes for ./www/assets/fonts/rubik-black-italic-hebrew.woff2
2020-09-09 02:28:19 +0000  copying file ./www/assets/fonts/rubik-bold-italic-latin.woff2 ... 
2020-09-09 02:28:19 +0000  16876 bytes for ./www/assets/fonts/rubik-bold-italic-latin.woff2
2020-09-09 02:28:19 +0000  copying file ./www/assets/fonts/rubik-regular-hebrew.woff2 ... 
2020-09-09 02:28:19 +0000  3836 bytes for ./www/assets/fonts/rubik-regular-hebrew.woff2
2020-09-09 02:28:19 +0000  copying file ./www/assets/fonts/rubik-italic-hebrew.woff2 ... 
2020-09-09 02:28:19 +0000  4056 bytes for ./www/assets/fonts/rubik-italic-hebrew.woff2
2020-09-09 02:28:19 +0000  copying file ./www/assets/fonts/rubik-black-latin-ext.woff2 ... 
2020-09-09 02:28:19 +0000  8284 bytes for ./www/assets/fonts/rubik-black-latin-ext.woff2
2020-09-09 02:28:19 +0000  copying file ./www/assets/fonts/rubik-black-italic-cyrillic.woff2 ... 
2020-09-09 02:28:19 +0000  6800 bytes for ./www/assets/fonts/rubik-black-italic-cyrillic.woff2
2020-09-09 02:28:19 +0000  copying file ./www/assets/fonts/rubik-medium-italic-cyrillic.woff2 ... 
2020-09-09 02:28:19 +0000  7528 bytes for ./www/assets/fonts/rubik-medium-italic-cyrillic.woff2
2020-09-09 02:28:19 +0000  copying file ./www/assets/fonts/rubik-medium-italic-latin.woff2 ... 
2020-09-09 02:28:19 +0000  16948 bytes for ./www/assets/fonts/rubik-medium-italic-latin.woff2
2020-09-09 02:28:19 +0000  copying file ./www/assets/fonts/ionicons.woff2 ... 
2020-09-09 02:28:19 +0000  61020 bytes for ./www/assets/fonts/ionicons.woff2
2020-09-09 02:28:19 +0000  copying file ./www/assets/fonts/rubik-black-italic-latin.woff2 ... 
2020-09-09 02:28:19 +0000  15620 bytes for ./www/assets/fonts/rubik-black-italic-latin.woff2
2020-09-09 02:28:19 +0000  copying file ./www/assets/fonts/rubik-light-italic-latin.woff2 ... 
2020-09-09 02:28:19 +0000  15572 bytes for ./www/assets/fonts/rubik-light-italic-latin.woff2
2020-09-09 02:28:19 +0000  copying file ./www/assets/fonts/rubik-regular-latin-ext.woff2 ... 
2020-09-09 02:28:19 +0000  9036 bytes for ./www/assets/fonts/rubik-regular-latin-ext.woff2
2020-09-09 02:28:19 +0000  copying file ./www/assets/fonts/rubik-medium-hebrew.woff2 ... 
2020-09-09 02:28:19 +0000  3936 bytes for ./www/assets/fonts/rubik-medium-hebrew.woff2
2020-09-09 02:28:19 +0000  copying file ./www/assets/fonts/rubik-bold-italic-latin-ext.woff2 ... 
2020-09-09 02:28:19 +0000  10084 bytes for ./www/assets/fonts/rubik-bold-italic-latin-ext.woff2
2020-09-09 02:28:19 +0000  copying file ./www/assets/fonts/rubik-black-italic-latin-ext.woff2 ... 
2020-09-09 02:28:19 +0000  9248 bytes for ./www/assets/fonts/rubik-black-italic-latin-ext.woff2
2020-09-09 02:28:19 +0000  copying file ./www/wk-plugin.js ... 
2020-09-09 02:28:19 +0000  1779 bytes for ./www/wk-plugin.js
2020-09-09 02:28:19 +0000  copying file ./LaunchImage-Landscape~ipad.png ... 
2020-09-09 02:28:19 +0000  1349735 bytes for ./LaunchImage-Landscape~ipad.png
2020-09-09 02:28:19 +0000  copying file ./LaunchImage-700-Portrait~ipad.png ... 
2020-09-09 02:28:19 +0000  1273311 bytes for ./LaunchImage-700-Portrait~ipad.png
2020-09-09 02:28:19 +0000  copying file ./Assets.car ... 
2020-09-09 02:28:19 +0000  14759391 bytes for ./Assets.car
2020-09-09 02:28:19 +0000  copying file ./AppIcon40x40@2x~ipad.png ... 
2020-09-09 02:28:19 +0000  4946 bytes for ./AppIcon40x40@2x~ipad.png
2020-09-09 02:28:19 +0000  copying file ./AppIcon76x76@2x~ipad.png ... 
2020-09-09 02:28:19 +0000  8172 bytes for ./AppIcon76x76@2x~ipad.png
2020-09-09 02:28:19 +0000  copying file ./LaunchImage-800-Portrait-736h@3x.png ... 
2020-09-09 02:28:19 +0000  3737191 bytes for ./LaunchImage-800-Portrait-736h@3x.png
2020-09-09 02:28:19 +0000  copying file ./AppIcon72x72~ipad.png ... 
2020-09-09 02:28:19 +0000  4410 bytes for ./AppIcon72x72~ipad.png
2020-09-09 02:28:19 +0000  copying file ./CDVLaunchScreen.storyboardc/01J-lp-oVM-view-Ze5-6b-2t3.nib ... 
2020-09-09 02:28:19 +0000  2326 bytes for ./CDVLaunchScreen.storyboardc/01J-lp-oVM-view-Ze5-6b-2t3.nib
2020-09-09 02:28:19 +0000  copying file ./CDVLaunchScreen.storyboardc/UIViewController-01J-lp-oVM.nib ... 
2020-09-09 02:28:19 +0000  896 bytes for ./CDVLaunchScreen.storyboardc/UIViewController-01J-lp-oVM.nib
2020-09-09 02:28:19 +0000  copying file ./CDVLaunchScreen.storyboardc/Info.plist ... 
2020-09-09 02:28:19 +0000  258 bytes for ./CDVLaunchScreen.storyboardc/Info.plist
2020-09-09 02:28:19 +0000  copying file ./LaunchImage-700@2x.png ... 
2020-09-09 02:28:19 +0000  999146 bytes for ./LaunchImage-700@2x.png
2020-09-09 02:28:19 +0000  copying file ./AppIcon83.5x83.5@2x~ipad.png ... 
2020-09-09 02:28:19 +0000  8926 bytes for ./AppIcon83.5x83.5@2x~ipad.png
2020-09-09 02:28:19 +0000  copying file ./LaunchImage-700-568h@2x.png ... 
2020-09-09 02:28:19 +0000  1129680 bytes for ./LaunchImage-700-568h@2x.png
2020-09-09 02:28:19 +0000  copying file ./LaunchImage-Landscape@2x~ipad.png ... 
2020-09-09 02:28:19 +0000  4776766 bytes for ./LaunchImage-Landscape@2x~ipad.png
2020-09-09 02:28:19 +0000  copying file ./CDVNotification.bundle/beep.wav ... 
8114 bytes for ./CDVNotification.bundle/beep.wav
copying file ./AppIcon50x50~ipad.png ... 
2020-09-09 02:28:19 +0000  3111 bytes for ./AppIcon50x50~ipad.png
2020-09-09 02:28:19 +0000  copying file ./AppIcon29x29@2x~ipad.png ... 
2020-09-09 02:28:19 +0000  3455 bytes for ./AppIcon29x29@2x~ipad.png
2020-09-09 02:28:19 +0000  copying file ./LaunchImage-700-Landscape@2x~ipad.png ... 
2020-09-09 02:28:19 +0000  4776766 bytes for ./LaunchImage-700-Landscape@2x~ipad.png
2020-09-09 02:28:19 +0000  copying file ./AppIcon50x50@2x~ipad.png ... 
2020-09-09 02:28:19 +0000  5755 bytes for ./AppIcon50x50@2x~ipad.png
2020-09-09 02:28:19 +0000  copying file ./AppIcon40x40~ipad.png ... 
2020-09-09 02:28:19 +0000  2435 bytes for ./AppIcon40x40~ipad.png
2020-09-09 02:28:19 +0000  copying file ./AppIcon20x20~ipad.png ... 
2020-09-09 02:28:19 +0000  1101 bytes for ./AppIcon20x20~ipad.png
copying file ./LaunchImage.png ... 
2020-09-09 02:28:19 +0000  283065 bytes for ./LaunchImage.png
2020-09-09 02:28:19 +0000  copying file ./embedded.mobileprovision ... 
2020-09-09 02:28:19 +0000  7337 bytes for ./embedded.mobileprovision
2020-09-09 02:28:19 +0000  copying file ./LaunchImage-800-Landscape-736h@3x.png ... 
2020-09-09 02:28:19 +0000  4465798 bytes for ./LaunchImage-800-Landscape-736h@3x.png
2020-09-09 02:28:19 +0000  copying file ./LaunchImage-700-Portrait@2x~ipad.png ... 
2020-09-09 02:28:19 +0000  4486765 bytes for ./LaunchImage-700-Portrait@2x~ipad.png
2020-09-09 02:28:19 +0000  copying file ./LaunchImage-700-Landscape~ipad.png ... 
2020-09-09 02:28:19 +0000  1349735 bytes for ./LaunchImage-700-Landscape~ipad.png
2020-09-09 02:28:19 +0000  copying file ./easyPoD ... 
2020-09-09 02:28:19 +0000  2843536 bytes for ./easyPoD
2020-09-09 02:28:19 +0000  copying file ./AppIcon20x20@2x~ipad.png ... 
2020-09-09 02:28:19 +0000  2435 bytes for ./AppIcon20x20@2x~ipad.png
2020-09-09 02:28:19 +0000  copying file ./Info.plist ... 
2020-09-09 02:28:19 +0000  2775 bytes for ./Info.plist
2020-09-09 02:28:19 +0000  copying file ./PkgInfo ... 
2020-09-09 02:28:19 +0000  8 bytes for ./PkgInfo
copying file ./AppIcon76x76~ipad.png ... 
2020-09-09 02:28:19 +0000  4584 bytes for ./AppIcon76x76~ipad.png
2020-09-09 02:28:19 +0000  /usr/bin/ditto exited with 0
2020-09-09 02:28:19 +0000  Processing step: IDEDistributionEmbedProfileStep
2020-09-09 02:28:19 +0000  Processing step: IDEDistributionInfoPlistStep
2020-09-09 02:28:19 +0000  Skipping step: IDEDistributionInfoPlistStep because it said so
2020-09-09 02:28:19 +0000  Processing step: IDEDistributionAppThinningPlistStep
2020-09-09 02:28:19 +0000  Skipping step: IDEDistributionAppThinningPlistStep because it said so
2020-09-09 02:28:19 +0000  Processing step: IDEDistributionCompileBitcodeStep
2020-09-09 02:28:19 +0000  Skipping step: IDEDistributionCompileBitcodeStep because it said so
2020-09-09 02:28:19 +0000  Processing step: IDEDistributionCodeSlimmingStep
2020-09-09 02:28:19 +0000  Processing step: IDEDistributionCopyBCSymbolMapsStep
2020-09-09 02:28:19 +0000  Skipping step: IDEDistributionCopyBCSymbolMapsStep because it said so
2020-09-09 02:28:19 +0000  Processing step: IDEDistributionSymbolsStep
2020-09-09 02:28:19 +0000  Skipping step: IDEDistributionSymbolsStep because it said so
2020-09-09 02:28:19 +0000  Processing step: IDEDistributionAppThinningStep
2020-09-09 02:28:19 +0000  Skipping step: IDEDistributionAppThinningStep because it said so
2020-09-09 02:28:19 +0000  Processing step: IDEDistributionArchThinningStep
2020-09-09 02:28:19 +0000  Running /Applications/Xcode.app/Contents/Developer/Toolchains/XcodeDefault.xctoolchain/usr/bin/lipo '/var/folders/db/y_dfrzrn2kd1lc8630sft_qc0000gn/T/XcodeDistPipeline.~~~6b4I5Z/Root/Payload/easyPoD.app/easyPoD' '-verify_arch' 'arm64e'
2020-09-09 02:28:19 +0000  /Applications/Xcode.app/Contents/Developer/Toolchains/XcodeDefault.xctoolchain/usr/bin/lipo exited with 1
2020-09-09 02:28:19 +0000  Skipping architecture thinning for item "easyPoD" because arch "arm64e" wasn't found
2020-09-09 02:28:19 +0000  Processing step: IDEDistributionODRStep
2020-09-09 02:28:19 +0000  Processing step: IDEDistributionStripXattrsStep
2020-09-09 02:28:19 +0000  Running /usr/bin/xattr '-crs' '/var/folders/db/y_dfrzrn2kd1lc8630sft_qc0000gn/T/XcodeDistPipeline.~~~6b4I5Z/Root/Payload/easyPoD.app'
2020-09-09 02:28:20 +0000  /usr/bin/xattr exited with 0
2020-09-09 02:28:20 +0000  Processing step: IDEDistributionCodesignStep
2020-09-09 02:28:20 +0000  Entitlements for <IDEDistributionItem: 0x7fa6f6221050; bundleID='com.titansoftware.easypodpsprd', path='<DVTFilePath:0x7fa6f2d09010:'/Users/chrisbenson/Library/Developer/Xcode/Archives/2020-09-08/easyPoD 9-8-20, 10.27 PM.xcarchive/Products/Applications/easyPoD.app'>', codeSigningInfo='<_DVTCodeSigningInformation_Path: 0x7fa6f667f1c0; isSigned='1', isAdHocSigned='0', signingCertificate='<DVTSigningCertificate: 0x7fa6f61d5ca0; name='iPhone Distribution: Titan Software, LLC', hash='43B0BD6B05F96417FD93AF25814B4603235604A1', serialNumber='7AEBA836E4068BD1', certificateKinds='(
    "1.2.840.113635.100.6.1.4"
), issueDate='2019-09-06 18:17:36 +0000''>', entitlements='{
    "application-identifier" = "A84JTBCNV7.com.titansoftware.easypodpsprd";
    "com.apple.developer.team-identifier" = A84JTBCNV7;
    "get-task-allow" = 0;
}', teamID='A84JTBCNV7', identifier='com.titansoftware.easypodpsprd', executablePath='<DVTFilePath:0x7fa6f667dc70:'/Users/chrisbenson/Library/Developer/Xcode/Archives/2020-09-08/easyPoD 9-8-20, 10.27 PM.xcarchive/Products/Applications/easyPoD.app/easyPoD'>', hardenedRuntime='0'>'>: {
    "application-identifier" = "A84JTBCNV7.com.titansoftware.easypodpsprd";
    "com.apple.developer.team-identifier" = A84JTBCNV7;
    "get-task-allow" = 0;
}
2020-09-09 02:28:20 +0000  Writing entitlements for <IDEDistributionItem: 0x7fa6f6221050; bundleID='com.titansoftware.easypodpsprd', path='<DVTFilePath:0x7fa6f2d09010:'/Users/chrisbenson/Library/Developer/Xcode/Archives/2020-09-08/easyPoD 9-8-20, 10.27 PM.xcarchive/Products/Applications/easyPoD.app'>', codeSigningInfo='<_DVTCodeSigningInformation_Path: 0x7fa6f667f1c0; isSigned='1', isAdHocSigned='0', signingCertificate='<DVTSigningCertificate: 0x7fa6f7823c80; name='iPhone Distribution: Titan Software, LLC', hash='43B0BD6B05F96417FD93AF25814B4603235604A1', serialNumber='7AEBA836E4068BD1', certificateKinds='(
    "1.2.840.113635.100.6.1.4"
), issueDate='2019-09-06 18:17:36 +0000''>', entitlements='{
    "application-identifier" = "A84JTBCNV7.com.titansoftware.easypodpsprd";
    "com.apple.developer.team-identifier" = A84JTBCNV7;
    "get-task-allow" = 0;
}', teamID='A84JTBCNV7', identifier='com.titansoftware.easypodpsprd', executablePath='<DVTFilePath:0x7fa6f667dc70:'/Users/chrisbenson/Library/Developer/Xcode/Archives/2020-09-08/easyPoD 9-8-20, 10.27 PM.xcarchive/Products/Applications/easyPoD.app/easyPoD'>', hardenedRuntime='0'>'> to: /var/folders/db/y_dfrzrn2kd1lc8630sft_qc0000gn/T/XcodeDistPipeline.~~~6b4I5Z/entitlements~~~rfun2r
2020-09-09 02:28:20 +0000  Running /usr/bin/codesign '-vvv' '--force' '--sign' '43B0BD6B05F96417FD93AF25814B4603235604A1' '--entitlements' '/var/folders/db/y_dfrzrn2kd1lc8630sft_qc0000gn/T/XcodeDistPipeline.~~~6b4I5Z/entitlements~~~rfun2r' '--preserve-metadata=identifier,flags,runtime' '/var/folders/db/y_dfrzrn2kd1lc8630sft_qc0000gn/T/XcodeDistPipeline.~~~6b4I5Z/Root/Payload/easyPoD.app'
2020-09-09 02:28:20 +0000  /var/folders/db/y_dfrzrn2kd1lc8630sft_qc0000gn/T/XcodeDistPipeline.~~~6b4I5Z/Root/Payload/easyPoD.app: replacing existing signature
2020-09-09 02:28:20 +0000  /var/folders/db/y_dfrzrn2kd1lc8630sft_qc0000gn/T/XcodeDistPipeline.~~~6b4I5Z/Root/Payload/easyPoD.app: signed app bundle with Mach-O universal (armv7 arm64) [com.titansoftware.easypodpsprd]
2020-09-09 02:28:20 +0000  /usr/bin/codesign exited with 0
2020-09-09 02:28:20 +0000  Processing step: IDEDistributionZipODRItemStep
2020-09-09 02:28:20 +0000  Skipping step: IDEDistributionZipODRItemStep because it said so
2020-09-09 02:28:20 +0000  Processing step: IDEDistributionCreateIPAStep
2020-09-09 02:28:20 +0000  Running /usr/bin/ditto '-V' '-c' '-k' '--norsrc' '/var/folders/db/y_dfrzrn2kd1lc8630sft_qc0000gn/T/XcodeDistPipeline.~~~6b4I5Z/Root' '/var/folders/db/y_dfrzrn2kd1lc8630sft_qc0000gn/T/XcodeDistPipeline.~~~6b4I5Z/Packages/easyPoD.ipa'
2020-09-09 02:28:20 +0000  >>> Copying /var/folders/db/y_dfrzrn2kd1lc8630sft_qc0000gn/T/XcodeDistPipeline.~~~6b4I5Z/Root 
2020-09-09 02:28:20 +0000  copying file ./Payload/easyPoD.app/_CodeSignature/CodeResources ... 
2020-09-09 02:28:20 +0000  69141 bytes for ./Payload/easyPoD.app/_CodeSignature/CodeResources
2020-09-09 02:28:20 +0000  copying file ./Payload/easyPoD.app/LaunchImage-1100-Portrait-2436h@3x.png ... 
2020-09-09 02:28:21 +0000  3473359 bytes for ./Payload/easyPoD.app/LaunchImage-1100-Portrait-2436h@3x.png
2020-09-09 02:28:21 +0000  copying file ./Payload/easyPoD.app/LaunchImage@2x.png ... 
2020-09-09 02:28:21 +0000  999146 bytes for ./Payload/easyPoD.app/LaunchImage@2x.png
2020-09-09 02:28:21 +0000  copying file ./Payload/easyPoD.app/AppIcon20x20@2x.png ... 
2020-09-09 02:28:21 +0000  2435 bytes for ./Payload/easyPoD.app/AppIcon20x20@2x.png
copying file ./Payload/easyPoD.app/MainViewController.nib ... 
2020-09-09 02:28:21 +0000  980 bytes for ./Payload/easyPoD.app/MainViewController.nib
copying file ./Payload/easyPoD.app/AppIcon57x57.png ... 
2020-09-09 02:28:21 +0000  3482 bytes for ./Payload/easyPoD.app/AppIcon57x57.png
2020-09-09 02:28:21 +0000  copying file ./Payload/easyPoD.app/AppIcon20x20@3x.png ... 
2020-09-09 02:28:21 +0000  3618 bytes for ./Payload/easyPoD.app/AppIcon20x20@3x.png
2020-09-09 02:28:21 +0000  copying file ./Payload/easyPoD.app/AppIcon29x29.png ... 
2020-09-09 02:28:21 +0000  1705 bytes for ./Payload/easyPoD.app/AppIcon29x29.png
copying file ./Payload/easyPoD.app/LaunchImage-568h@2x.png ... 
2020-09-09 02:28:21 +0000  1129680 bytes for ./Payload/easyPoD.app/LaunchImage-568h@2x.png
2020-09-09 02:28:21 +0000  copying file ./Payload/easyPoD.app/AppIcon60x60@2x.png ... 
2020-09-09 02:28:21 +0000  6743 bytes for ./Payload/easyPoD.app/AppIcon60x60@2x.png
copying file ./Payload/easyPoD.app/AppIcon72x72@2x~ipad.png ... 
2020-09-09 02:28:21 +0000  7814 bytes for ./Payload/easyPoD.app/AppIcon72x72@2x~ipad.png
2020-09-09 02:28:21 +0000  copying file ./Payload/easyPoD.app/AppIcon29x29@2x.png ... 
2020-09-09 02:28:21 +0000  3455 bytes for ./Payload/easyPoD.app/AppIcon29x29@2x.png
copying file ./Payload/easyPoD.app/LaunchImage-1100-Landscape-2436h@3x.png ... 
2020-09-09 02:28:21 +0000  4364895 bytes for ./Payload/easyPoD.app/LaunchImage-1100-Landscape-2436h@3x.png
2020-09-09 02:28:21 +0000  copying file ./Payload/easyPoD.app/LaunchImage-800-667h@2x.png ... 
2020-09-09 02:28:21 +0000  1509620 bytes for ./Payload/easyPoD.app/LaunchImage-800-667h@2x.png
2020-09-09 02:28:21 +0000  copying file ./Payload/easyPoD.app/LaunchImage-Portrait@2x~ipad.png ... 
2020-09-09 02:28:21 +0000  4486765 bytes for ./Payload/easyPoD.app/LaunchImage-Portrait@2x~ipad.png
2020-09-09 02:28:21 +0000  copying file ./Payload/easyPoD.app/AppIcon40x40@3x.png ... 
2020-09-09 02:28:21 +0000  6743 bytes for ./Payload/easyPoD.app/AppIcon40x40@3x.png
copying file ./Payload/easyPoD.app/AppIcon57x57@2x.png ... 
2020-09-09 02:28:21 +0000  6457 bytes for ./Payload/easyPoD.app/AppIcon57x57@2x.png
2020-09-09 02:28:21 +0000  copying file ./Payload/easyPoD.app/AppIcon29x29~ipad.png ... 
2020-09-09 02:28:21 +0000  1705 bytes for ./Payload/easyPoD.app/AppIcon29x29~ipad.png
copying file ./Payload/easyPoD.app/AppIcon40x40@2x.png ... 
2020-09-09 02:28:21 +0000  4946 bytes for ./Payload/easyPoD.app/AppIcon40x40@2x.png
2020-09-09 02:28:21 +0000  copying file ./Payload/easyPoD.app/LaunchImage-Portrait~ipad.png ... 
2020-09-09 02:28:21 +0000  1273311 bytes for ./Payload/easyPoD.app/LaunchImage-Portrait~ipad.png
2020-09-09 02:28:21 +0000  copying file ./Payload/easyPoD.app/AppIcon29x29@3x.png ... 
5133 bytes for ./Payload/easyPoD.app/AppIcon29x29@3x.png
2020-09-09 02:28:21 +0000  copying file ./Payload/easyPoD.app/AppIcon60x60@3x.png ... 
2020-09-09 02:28:21 +0000  9018 bytes for ./Payload/easyPoD.app/AppIcon60x60@3x.png
2020-09-09 02:28:21 +0000  copying file ./Payload/easyPoD.app/config.xml ... 
2020-09-09 02:28:21 +0000  9628 bytes for ./Payload/easyPoD.app/config.xml
2020-09-09 02:28:21 +0000  copying file ./Payload/easyPoD.app/www/index.html ... 
1835 bytes for ./Payload/easyPoD.app/www/index.html
copying file ./Payload/easyPoD.app/www/cordova.js ... 
2020-09-09 02:28:21 +0000  69846 bytes for ./Payload/easyPoD.app/www/cordova.js
2020-09-09 02:28:21 +0000  copying file ./Payload/easyPoD.app/www/plugins/cordova-plugin-file/www/requestFileSystem.js ... 
2020-09-09 02:28:21 +0000  3244 bytes for ./Payload/easyPoD.app/www/plugins/cordova-plugin-file/www/requestFileSystem.js
2020-09-09 02:28:21 +0000  copying file ./Payload/easyPoD.app/www/plugins/cordova-plugin-file/www/DirectoryEntry.js ... 
2020-09-09 02:28:21 +0000  4681 bytes for ./Payload/easyPoD.app/www/plugins/cordova-plugin-file/www/DirectoryEntry.js
copying file ./Payload/easyPoD.app/www/plugins/cordova-plugin-file/www/FileSystem.js ... 
2020-09-09 02:28:21 +0000  1960 bytes for ./Payload/easyPoD.app/www/plugins/cordova-plugin-file/www/FileSystem.js
2020-09-09 02:28:21 +0000  copying file ./Payload/easyPoD.app/www/plugins/cordova-plugin-file/www/Flags.js ... 
1336 bytes for ./Payload/easyPoD.app/www/plugins/cordova-plugin-file/www/Flags.js
2020-09-09 02:28:21 +0000  copying file ./Payload/easyPoD.app/www/plugins/cordova-plugin-file/www/fileSystemPaths.js ... 
2020-09-09 02:28:21 +0000  2548 bytes for ./Payload/easyPoD.app/www/plugins/cordova-plugin-file/www/fileSystemPaths.js
copying file ./Payload/easyPoD.app/www/plugins/cordova-plugin-file/www/FileEntry.js ... 
2020-09-09 02:28:21 +0000  3423 bytes for ./Payload/easyPoD.app/www/plugins/cordova-plugin-file/www/FileEntry.js
copying file ./Payload/easyPoD.app/www/plugins/cordova-plugin-file/www/fileSystems.js ... 
2020-09-09 02:28:21 +0000  1047 bytes for ./Payload/easyPoD.app/www/plugins/cordova-plugin-file/www/fileSystems.js
copying file ./Payload/easyPoD.app/www/plugins/cordova-plugin-file/www/DirectoryReader.js ... 
2020-09-09 02:28:21 +0000  2724 bytes for ./Payload/easyPoD.app/www/plugins/cordova-plugin-file/www/DirectoryReader.js
copying file ./Payload/easyPoD.app/www/plugins/cordova-plugin-file/www/Metadata.js ... 
2020-09-09 02:28:21 +0000  1488 bytes for ./Payload/easyPoD.app/www/plugins/cordova-plugin-file/www/Metadata.js
2020-09-09 02:28:21 +0000  copying file ./Payload/easyPoD.app/www/plugins/cordova-plugin-file/www/ios/FileSystem.js ... 
2020-09-09 02:28:21 +0000  1222 bytes for ./Payload/easyPoD.app/www/plugins/cordova-plugin-file/www/ios/FileSystem.js
2020-09-09 02:28:21 +0000  copying file ./Payload/easyPoD.app/www/plugins/cordova-plugin-file/www/browser/isChrome.js ... 
2020-09-09 02:28:21 +0000  1232 bytes for ./Payload/easyPoD.app/www/plugins/cordova-plugin-file/www/browser/isChrome.js
copying file ./Payload/easyPoD.app/www/plugins/cordova-plugin-file/www/LocalFileSystem.js ... 
2020-09-09 02:28:21 +0000  957 bytes for ./Payload/easyPoD.app/www/plugins/cordova-plugin-file/www/LocalFileSystem.js
copying file ./Payload/easyPoD.app/www/plugins/cordova-plugin-file/www/FileReader.js ... 
2020-09-09 02:28:21 +0000  10523 bytes for ./Payload/easyPoD.app/www/plugins/cordova-plugin-file/www/FileReader.js
2020-09-09 02:28:21 +0000  copying file ./Payload/easyPoD.app/www/plugins/cordova-plugin-file/www/fileSystems-roots.js ... 
2020-09-09 02:28:21 +0000  1598 bytes for ./Payload/easyPoD.app/www/plugins/cordova-plugin-file/www/fileSystems-roots.js
copying file ./Payload/easyPoD.app/www/plugins/cordova-plugin-file/www/FileUploadOptions.js ... 
2020-09-09 02:28:21 +0000  1831 bytes for ./Payload/easyPoD.app/www/plugins/cordova-plugin-file/www/FileUploadOptions.js
2020-09-09 02:28:21 +0000  copying file ./Payload/easyPoD.app/www/plugins/cordova-plugin-file/www/FileWriter.js ... 
2020-09-09 02:28:21 +0000  10544 bytes for ./Payload/easyPoD.app/www/plugins/cordova-plugin-file/www/FileWriter.js
2020-09-09 02:28:21 +0000  copying file ./Payload/easyPoD.app/www/plugins/cordova-plugin-file/www/FileError.js ... 
1483 bytes for ./Payload/easyPoD.app/www/plugins/cordova-plugin-file/www/FileError.js
2020-09-09 02:28:21 +0000  copying file ./Payload/easyPoD.app/www/plugins/cordova-plugin-file/www/FileUploadResult.js ... 
2020-09-09 02:28:21 +0000  1111 bytes for ./Payload/easyPoD.app/www/plugins/cordova-plugin-file/www/FileUploadResult.js
copying file ./Payload/easyPoD.app/www/plugins/cordova-plugin-file/www/ProgressEvent.js ... 
2020-09-09 02:28:21 +0000  2544 bytes for ./Payload/easyPoD.app/www/plugins/cordova-plugin-file/www/ProgressEvent.js
copying file ./Payload/easyPoD.app/www/plugins/cordova-plugin-file/www/File.js ... 
2020-09-09 02:28:21 +0000  2714 bytes for ./Payload/easyPoD.app/www/plugins/cordova-plugin-file/www/File.js
2020-09-09 02:28:21 +0000  copying file ./Payload/easyPoD.app/www/plugins/cordova-plugin-file/www/resolveLocalFileSystemURI.js ... 
2020-09-09 02:28:21 +0000  4325 bytes for ./Payload/easyPoD.app/www/plugins/cordova-plugin-file/www/resolveLocalFileSystemURI.js
copying file ./Payload/easyPoD.app/www/plugins/cordova-plugin-file/www/Entry.js ... 
2020-09-09 02:28:21 +0000  9869 bytes for ./Payload/easyPoD.app/www/plugins/cordova-plugin-file/www/Entry.js
2020-09-09 02:28:21 +0000  copying file ./Payload/easyPoD.app/www/plugins/cordova-plugin-advanced-http/www/angular-integration.js ... 
2020-09-09 02:28:21 +0000  3646 bytes for ./Payload/easyPoD.app/www/plugins/cordova-plugin-advanced-http/www/angular-integration.js
2020-09-09 02:28:21 +0000  copying file ./Payload/easyPoD.app/www/plugins/cordova-plugin-advanced-http/www/cookie-handler.js ... 
2020-09-09 02:28:21 +0000  2096 bytes for ./Payload/easyPoD.app/www/plugins/cordova-plugin-advanced-http/www/cookie-handler.js
copying file ./Payload/easyPoD.app/www/plugins/cordova-plugin-advanced-http/www/local-storage-store.js ... 
2020-09-09 02:28:21 +0000  5427 bytes for ./Payload/easyPoD.app/www/plugins/cordova-plugin-advanced-http/www/local-storage-store.js
copying file ./Payload/easyPoD.app/www/plugins/cordova-plugin-advanced-http/www/advanced-http.js ... 
2020-09-09 02:28:21 +0000  5615 bytes for ./Payload/easyPoD.app/www/plugins/cordova-plugin-advanced-http/www/advanced-http.js
2020-09-09 02:28:21 +0000  copying file ./Payload/easyPoD.app/www/plugins/cordova-plugin-advanced-http/www/umd-tough-cookie.js ... 
2020-09-09 02:28:21 +0000  290827 bytes for ./Payload/easyPoD.app/www/plugins/cordova-plugin-advanced-http/www/umd-tough-cookie.js
2020-09-09 02:28:21 +0000  copying file ./Payload/easyPoD.app/www/plugins/cordova-plugin-advanced-http/www/helpers.js ... 
2020-09-09 02:28:21 +0000  6968 bytes for ./Payload/easyPoD.app/www/plugins/cordova-plugin-advanced-http/www/helpers.js
copying file ./Payload/easyPoD.app/www/plugins/cordova-plugin-advanced-http/www/lodash.js ... 
2020-09-09 02:28:21 +0000  8271 bytes for ./Payload/easyPoD.app/www/plugins/cordova-plugin-advanced-http/www/lodash.js
2020-09-09 02:28:21 +0000  copying file ./Payload/easyPoD.app/www/plugins/cordova-plugin-advanced-http/www/messages.js ... 
967 bytes for ./Payload/easyPoD.app/www/plugins/cordova-plugin-advanced-http/www/messages.js
2020-09-09 02:28:21 +0000  copying file ./Payload/easyPoD.app/www/plugins/cordova-plugin-file-opener2/www/plugins.FileOpener2.js ... 
2020-09-09 02:28:21 +0000  2418 bytes for ./Payload/easyPoD.app/www/plugins/cordova-plugin-file-opener2/www/plugins.FileOpener2.js
2020-09-09 02:28:21 +0000  copying file ./Payload/easyPoD.app/www/plugins/cordova-plugin-ionic-webview/src/www/ios/ios-wkwebview-exec.js ... 
2020-09-09 02:28:21 +0000  6167 bytes for ./Payload/easyPoD.app/www/plugins/cordova-plugin-ionic-webview/src/www/ios/ios-wkwebview-exec.js
2020-09-09 02:28:21 +0000  copying file ./Payload/easyPoD.app/www/plugins/cordova-plugin-app-version/www/AppVersionPlugin.js ... 
2020-09-09 02:28:21 +0000  2276 bytes for ./Payload/easyPoD.app/www/plugins/cordova-plugin-app-version/www/AppVersionPlugin.js
2020-09-09 02:28:21 +0000  copying file ./Payload/easyPoD.app/www/plugins/cordova-plugin-inappbrowser/www/inappbrowser.js ... 
2020-09-09 02:28:21 +0000  4485 bytes for ./Payload/easyPoD.app/www/plugins/cordova-plugin-inappbrowser/www/inappbrowser.js
2020-09-09 02:28:21 +0000  copying file ./Payload/easyPoD.app/www/plugins/cordova-plugin-device/www/device.js ... 
2020-09-09 02:28:21 +0000  3070 bytes for ./Payload/easyPoD.app/www/plugins/cordova-plugin-device/www/device.js
2020-09-09 02:28:21 +0000  copying file ./Payload/easyPoD.app/www/plugins/cordova-sqlite-storage/www/SQLitePlugin.js ... 
2020-09-09 02:28:21 +0000  33721 bytes for ./Payload/easyPoD.app/www/plugins/cordova-sqlite-storage/www/SQLitePlugin.js
2020-09-09 02:28:21 +0000  copying file ./Payload/easyPoD.app/www/plugins/cordova-plugin-appversion/www/app-version.js ... 
2020-09-09 02:28:21 +0000  2641 bytes for ./Payload/easyPoD.app/www/plugins/cordova-plugin-appversion/www/app-version.js
2020-09-09 02:28:21 +0000  copying file ./Payload/easyPoD.app/www/plugins/cordova-plugin-file-transfer/www/FileTransferError.js ... 
2020-09-09 02:28:21 +0000  1488 bytes for ./Payload/easyPoD.app/www/plugins/cordova-plugin-file-transfer/www/FileTransferError.js
copying file ./Payload/easyPoD.app/www/plugins/cordova-plugin-file-transfer/www/FileTransfer.js ... 
2020-09-09 02:28:21 +0000  8568 bytes for ./Payload/easyPoD.app/www/plugins/cordova-plugin-file-transfer/www/FileTransfer.js
2020-09-09 02:28:21 +0000  copying file ./Payload/easyPoD.app/www/plugins/cordova-plugin-network-information/www/Connection.js ... 
2020-09-09 02:28:21 +0000  1132 bytes for ./Payload/easyPoD.app/www/plugins/cordova-plugin-network-information/www/Connection.js
copying file ./Payload/easyPoD.app/www/plugins/cordova-plugin-network-information/www/network.js ... 
2020-09-09 02:28:21 +0000  3369 bytes for ./Payload/easyPoD.app/www/plugins/cordova-plugin-network-information/www/network.js
2020-09-09 02:28:21 +0000  copying file ./Payload/easyPoD.app/www/plugins/cordova-plugin-app-update/www/AppUpdate.js ... 
2020-09-09 02:28:21 +0000  1447 bytes for ./Payload/easyPoD.app/www/plugins/cordova-plugin-app-update/www/AppUpdate.js
2020-09-09 02:28:21 +0000  copying file ./Payload/easyPoD.app/www/plugins/cordova-plugin-x-toast/www/Toast.js ... 
2020-09-09 02:28:21 +0000  2727 bytes for ./Payload/easyPoD.app/www/plugins/cordova-plugin-x-toast/www/Toast.js
2020-09-09 02:28:21 +0000  copying file ./Payload/easyPoD.app/www/plugins/cordova-plugin-dialogs/www/notification.js ... 
2020-09-09 02:28:21 +0000  6013 bytes for ./Payload/easyPoD.app/www/plugins/cordova-plugin-dialogs/www/notification.js
2020-09-09 02:28:21 +0000  copying file ./Payload/easyPoD.app/www/plugins/cordova-plugin-camera/www/CameraPopoverOptions.js ... 
2020-09-09 02:28:21 +0000  2296 bytes for ./Payload/easyPoD.app/www/plugins/cordova-plugin-camera/www/CameraPopoverOptions.js
2020-09-09 02:28:21 +0000  copying file ./Payload/easyPoD.app/www/plugins/cordova-plugin-camera/www/ios/CameraPopoverHandle.js ... 
2020-09-09 02:28:21 +0000  2271 bytes for ./Payload/easyPoD.app/www/plugins/cordova-plugin-camera/www/ios/CameraPopoverHandle.js
copying file ./Payload/easyPoD.app/www/plugins/cordova-plugin-camera/www/CameraConstants.js ... 
2020-09-09 02:28:21 +0000  3488 bytes for ./Payload/easyPoD.app/www/plugins/cordova-plugin-camera/www/CameraConstants.js
copying file ./Payload/easyPoD.app/www/plugins/cordova-plugin-camera/www/Camera.js ... 
2020-09-09 02:28:21 +0000  7995 bytes for ./Payload/easyPoD.app/www/plugins/cordova-plugin-camera/www/Camera.js
2020-09-09 02:28:21 +0000  copying file ./Payload/easyPoD.app/www/plugins/cordova-plugin-statusbar/www/statusbar.js ... 
2020-09-09 02:28:21 +0000  3376 bytes for ./Payload/easyPoD.app/www/plugins/cordova-plugin-statusbar/www/statusbar.js
2020-09-09 02:28:21 +0000  copying file ./Payload/easyPoD.app/www/plugins/cordova-plugin-splashscreen/www/splashscreen.js ... 
2020-09-09 02:28:21 +0000  1173 bytes for ./Payload/easyPoD.app/www/plugins/cordova-plugin-splashscreen/www/splashscreen.js
2020-09-09 02:28:21 +0000  copying file ./Payload/easyPoD.app/www/plugins/cordova-plugin-ionic-keyboard/www/ios/keyboard.js ... 
2020-09-09 02:28:21 +0000  2676 bytes for ./Payload/easyPoD.app/www/plugins/cordova-plugin-ionic-keyboard/www/ios/keyboard.js
2020-09-09 02:28:21 +0000  copying file ./Payload/easyPoD.app/www/cordova-js-src/exec.js ... 
2020-09-09 02:28:21 +0000  8856 bytes for ./Payload/easyPoD.app/www/cordova-js-src/exec.js
2020-09-09 02:28:21 +0000  copying file ./Payload/easyPoD.app/www/cordova-js-src/plugin/ios/logger.js ... 
2020-09-09 02:28:21 +0000  10181 bytes for ./Payload/easyPoD.app/www/cordova-js-src/plugin/ios/logger.js
2020-09-09 02:28:21 +0000  copying file ./Payload/easyPoD.app/www/cordova-js-src/plugin/ios/console.js ... 
2020-09-09 02:28:21 +0000  6873 bytes for ./Payload/easyPoD.app/www/cordova-js-src/plugin/ios/console.js
copying file ./Payload/easyPoD.app/www/cordova-js-src/platform.js ... 
2020-09-09 02:28:21 +0000  1168 bytes for ./Payload/easyPoD.app/www/cordova-js-src/platform.js
copying file ./Payload/easyPoD.app/www/manifest.json ... 
2020-09-09 02:28:21 +0000  266 bytes for ./Payload/easyPoD.app/www/manifest.json
copying file ./Payload/easyPoD.app/www/cordova_plugins.js ... 
2020-09-09 02:28:21 +0000  12640 bytes for ./Payload/easyPoD.app/www/cordova_plugins.js
2020-09-09 02:28:21 +0000  copying file ./Payload/easyPoD.app/www/service-worker.js ... 
741 bytes for ./Payload/easyPoD.app/www/service-worker.js
2020-09-09 02:28:21 +0000  copying file ./Payload/easyPoD.app/www/build/polyfills.js ... 
2020-09-09 02:28:21 +0000  97180 bytes for ./Payload/easyPoD.app/www/build/polyfills.js
2020-09-09 02:28:21 +0000  copying file ./Payload/easyPoD.app/www/build/main.css ... 
2020-09-09 02:28:21 +0000  819384 bytes for ./Payload/easyPoD.app/www/build/main.css
2020-09-09 02:28:21 +0000  copying file ./Payload/easyPoD.app/www/build/vendor.js ... 
2020-09-09 02:28:21 +0000  3477125 bytes for ./Payload/easyPoD.app/www/build/vendor.js
2020-09-09 02:28:21 +0000  copying file ./Payload/easyPoD.app/www/build/main.js ... 
2020-09-09 02:28:21 +0000  680578 bytes for ./Payload/easyPoD.app/www/build/main.js
2020-09-09 02:28:21 +0000  copying file ./Payload/easyPoD.app/www/build/sw-toolbox.js ... 
2020-09-09 02:28:21 +0000  15793 bytes for ./Payload/easyPoD.app/www/build/sw-toolbox.js
2020-09-09 02:28:21 +0000  copying file ./Payload/easyPoD.app/www/assets/imgs/walkthrough-alt.png ... 
2020-09-09 02:28:21 +0000  56312 bytes for ./Payload/easyPoD.app/www/assets/imgs/walkthrough-alt.png
2020-09-09 02:28:21 +0000  copying file ./Payload/easyPoD.app/www/assets/imgs/mail.png ... 
2020-09-09 02:28:21 +0000  1290 bytes for ./Payload/easyPoD.app/www/assets/imgs/mail.png
copying file ./Payload/easyPoD.app/www/assets/imgs/song.png ... 
2020-09-09 02:28:21 +0000  4498 bytes for ./Payload/easyPoD.app/www/assets/imgs/song.png
copying file ./Payload/easyPoD.app/www/assets/imgs/primesourceLogo.png ... 
2020-09-09 02:28:21 +0000  19489 bytes for ./Payload/easyPoD.app/www/assets/imgs/primesourceLogo.png
copying file ./Payload/easyPoD.app/www/assets/imgs/home-alt.png ... 
2020-09-09 02:28:21 +0000  188881 bytes for ./Payload/easyPoD.app/www/assets/imgs/home-alt.png
2020-09-09 02:28:21 +0000  copying file ./Payload/easyPoD.app/www/assets/imgs/outlook.png ... 
1207 bytes for ./Payload/easyPoD.app/www/assets/imgs/outlook.png
copying file ./Payload/easyPoD.app/www/assets/imgs/map.png ... 
2020-09-09 02:28:21 +0000  99486 bytes for ./Payload/easyPoD.app/www/assets/imgs/map.png
2020-09-09 02:28:21 +0000  copying file ./Payload/easyPoD.app/www/assets/imgs/gmail.png ... 
1708 bytes for ./Payload/easyPoD.app/www/assets/imgs/gmail.png
copying file ./Payload/easyPoD.app/www/assets/imgs/sked.png ... 
2020-09-09 02:28:21 +0000  1581 bytes for ./Payload/easyPoD.app/www/assets/imgs/sked.png
copying file ./Payload/easyPoD.app/www/assets/imgs/folder.png ... 
2020-09-09 02:28:21 +0000  902 bytes for ./Payload/easyPoD.app/www/assets/imgs/folder.png
2020-09-09 02:28:21 +0000  copying file ./Payload/easyPoD.app/www/assets/imgs/avatar.png ... 
4598 bytes for ./Payload/easyPoD.app/www/assets/imgs/avatar.png
copying file ./Payload/easyPoD.app/www/assets/imgs/icloud.png ... 
2020-09-09 02:28:21 +0000  1053 bytes for ./Payload/easyPoD.app/www/assets/imgs/icloud.png
copying file ./Payload/easyPoD.app/www/assets/imgs/logo.png ... 
2020-09-09 02:28:21 +0000  39757 bytes for ./Payload/easyPoD.app/www/assets/imgs/logo.png
2020-09-09 02:28:21 +0000  copying file ./Payload/easyPoD.app/www/assets/imgs/mail-ru.png ... 
1485 bytes for ./Payload/easyPoD.app/www/assets/imgs/mail-ru.png
copying file ./Payload/easyPoD.app/www/assets/imgs/jpg.png ... 
2020-09-09 02:28:21 +0000  4465 bytes for ./Payload/easyPoD.app/www/assets/imgs/jpg.png
copying file ./Payload/easyPoD.app/www/assets/imgs/walkthrough.png ... 
2020-09-09 02:28:21 +0000  40249 bytes for ./Payload/easyPoD.app/www/assets/imgs/walkthrough.png
2020-09-09 02:28:21 +0000  copying file ./Payload/easyPoD.app/www/assets/imgs/aol.png ... 
2020-09-09 02:28:21 +0000  1431 bytes for ./Payload/easyPoD.app/www/assets/imgs/aol.png
copying file ./Payload/easyPoD.app/www/assets/imgs/profile.png ... 
2020-09-09 02:28:21 +0000  8754 bytes for ./Payload/easyPoD.app/www/assets/imgs/profile.png
copying file ./Payload/easyPoD.app/www/assets/imgs/yahoo.png ... 
2020-09-09 02:28:21 +0000  6352 bytes for ./Payload/easyPoD.app/www/assets/imgs/yahoo.png
2020-09-09 02:28:21 +0000  copying file ./Payload/easyPoD.app/www/assets/imgs/prod3.png ... 
2020-09-09 02:28:21 +0000  50687 bytes for ./Payload/easyPoD.app/www/assets/imgs/prod3.png
copying file ./Payload/easyPoD.app/www/assets/imgs/album1.png ... 
2020-09-09 02:28:21 +0000  194976 bytes for ./Payload/easyPoD.app/www/assets/imgs/album1.png
copying file ./Payload/easyPoD.app/www/assets/imgs/prod2.png ... 
2020-09-09 02:28:21 +0000  44533 bytes for ./Payload/easyPoD.app/www/assets/imgs/prod2.png
2020-09-09 02:28:21 +0000  copying file ./Payload/easyPoD.app/www/assets/imgs/album2.png ... 
2020-09-09 02:28:21 +0000  205278 bytes for ./Payload/easyPoD.app/www/assets/imgs/album2.png
2020-09-09 02:28:21 +0000  copying file ./Payload/easyPoD.app/www/assets/imgs/album3.png ... 
2020-09-09 02:28:21 +0000  170747 bytes for ./Payload/easyPoD.app/www/assets/imgs/album3.png
copying file ./Payload/easyPoD.app/www/assets/imgs/mastercard.png ... 
2020-09-09 02:28:21 +0000  4561 bytes for ./Payload/easyPoD.app/www/assets/imgs/mastercard.png
copying file ./Payload/easyPoD.app/www/assets/imgs/prod1.png ... 
2020-09-09 02:28:21 +0000  41299 bytes for ./Payload/easyPoD.app/www/assets/imgs/prod1.png
2020-09-09 02:28:21 +0000  copying file ./Payload/easyPoD.app/www/assets/imgs/yandex.png ... 
2020-09-09 02:28:21 +0000  2358 bytes for ./Payload/easyPoD.app/www/assets/imgs/yandex.png
copying file ./Payload/easyPoD.app/www/assets/imgs/photos.png ... 
2020-09-09 02:28:21 +0000  1558 bytes for ./Payload/easyPoD.app/www/assets/imgs/photos.png
copying file ./Payload/easyPoD.app/www/assets/imgs/album6.png ... 
2020-09-09 02:28:21 +0000  105863 bytes for ./Payload/easyPoD.app/www/assets/imgs/album6.png
2020-09-09 02:28:21 +0000  copying file ./Payload/easyPoD.app/www/assets/imgs/mp4.png ... 
2020-09-09 02:28:21 +0000  4764 bytes for ./Payload/easyPoD.app/www/assets/imgs/mp4.png
2020-09-09 02:28:21 +0000  copying file ./Payload/easyPoD.app/www/assets/imgs/prod4.png ... 
2020-09-09 02:28:21 +0000  39470 bytes for ./Payload/easyPoD.app/www/assets/imgs/prod4.png
2020-09-09 02:28:21 +0000  copying file ./Payload/easyPoD.app/www/assets/imgs/album4.png ... 
2020-09-09 02:28:21 +0000  197476 bytes for ./Payload/easyPoD.app/www/assets/imgs/album4.png
2020-09-09 02:28:21 +0000  copying file ./Payload/easyPoD.app/www/assets/imgs/ps-truck-2.jpg ... 
2020-09-09 02:28:21 +0000  306270 bytes for ./Payload/easyPoD.app/www/assets/imgs/ps-truck-2.jpg
2020-09-09 02:28:21 +0000  copying file ./Payload/easyPoD.app/www/assets/imgs/album5.png ... 
2020-09-09 02:28:21 +0000  181982 bytes for ./Payload/easyPoD.app/www/assets/imgs/album5.png
2020-09-09 02:28:21 +0000  copying file ./Payload/easyPoD.app/www/assets/icon/favicon.ico ... 
2020-09-09 02:28:21 +0000  1981 bytes for ./Payload/easyPoD.app/www/assets/icon/favicon.ico
2020-09-09 02:28:21 +0000  copying file ./Payload/easyPoD.app/www/assets/fonts/rubik-regular-cyrillic.woff2 ... 
2020-09-09 02:28:21 +0000  6660 bytes for ./Payload/easyPoD.app/www/assets/fonts/rubik-regular-cyrillic.woff2
2020-09-09 02:28:21 +0000  copying file ./Payload/easyPoD.app/www/assets/fonts/rubik.woff2 ... 
2020-09-09 02:28:21 +0000  16012 bytes for ./Payload/easyPoD.app/www/assets/fonts/rubik.woff2
2020-09-09 02:28:21 +0000  copying file ./Payload/easyPoD.app/www/assets/fonts/roboto-light.woff2 ... 
2020-09-09 02:28:21 +0000  10220 bytes for ./Payload/easyPoD.app/www/assets/fonts/roboto-light.woff2
2020-09-09 02:28:21 +0000  copying file ./Payload/easyPoD.app/www/assets/fonts/rubik-bold-italic-hebrew.woff2 ... 
2020-09-09 02:28:21 +0000  4228 bytes for ./Payload/easyPoD.app/www/assets/fonts/rubik-bold-italic-hebrew.woff2
2020-09-09 02:28:21 +0000  copying file ./Payload/easyPoD.app/www/assets/fonts/roboto-regular.woff2 ... 
2020-09-09 02:28:21 +0000  10196 bytes for ./Payload/easyPoD.app/www/assets/fonts/roboto-regular.woff2
2020-09-09 02:28:21 +0000  copying file ./Payload/easyPoD.app/www/assets/fonts/rubik-medium-latin-ext.woff2 ... 
2020-09-09 02:28:21 +0000  9112 bytes for ./Payload/easyPoD.app/www/assets/fonts/rubik-medium-latin-ext.woff2
2020-09-09 02:28:21 +0000  copying file ./Payload/easyPoD.app/www/assets/fonts/rubik-light-latin.woff2 ... 
2020-09-09 02:28:21 +0000  14648 bytes for ./Payload/easyPoD.app/www/assets/fonts/rubik-light-latin.woff2
2020-09-09 02:28:21 +0000  copying file ./Payload/easyPoD.app/www/assets/fonts/rubik-regular-latin.woff2 ... 
2020-09-09 02:28:21 +0000  16012 bytes for ./Payload/easyPoD.app/www/assets/fonts/rubik-regular-latin.woff2
2020-09-09 02:28:21 +0000  copying file ./Payload/easyPoD.app/www/assets/fonts/roboto-regular.woff ... 
2020-09-09 02:28:21 +0000  13308 bytes for ./Payload/easyPoD.app/www/assets/fonts/roboto-regular.woff
2020-09-09 02:28:21 +0000  copying file ./Payload/easyPoD.app/www/assets/fonts/rubik-bold-italic-cyrillic.woff2 ... 
2020-09-09 02:28:21 +0000  7444 bytes for ./Payload/easyPoD.app/www/assets/fonts/rubik-bold-italic-cyrillic.woff2
2020-09-09 02:28:21 +0000  copying file ./Payload/easyPoD.app/www/assets/fonts/rubik-black-cyrillic.woff2 ... 
2020-09-09 02:28:21 +0000  6140 bytes for ./Payload/easyPoD.app/www/assets/fonts/rubik-black-cyrillic.woff2
2020-09-09 02:28:21 +0000  copying file ./Payload/easyPoD.app/www/assets/fonts/rubik-bold-cyrillic.woff2 ... 
2020-09-09 02:28:21 +0000  6656 bytes for ./Payload/easyPoD.app/www/assets/fonts/rubik-bold-cyrillic.woff2
2020-09-09 02:28:21 +0000  copying file ./Payload/easyPoD.app/www/assets/fonts/rubik-medium-italic-latin-ext.woff2 ... 
2020-09-09 02:28:21 +0000  10152 bytes for ./Payload/easyPoD.app/www/assets/fonts/rubik-medium-italic-latin-ext.woff2
2020-09-09 02:28:21 +0000  copying file ./Payload/easyPoD.app/www/assets/fonts/roboto-light.woff ... 
2020-09-09 02:28:21 +0000  13360 bytes for ./Payload/easyPoD.app/www/assets/fonts/roboto-light.woff
2020-09-09 02:28:21 +0000  copying file ./Payload/easyPoD.app/www/assets/fonts/rubik-italic-cyrillic.woff2 ... 
2020-09-09 02:28:21 +0000  7472 bytes for ./Payload/easyPoD.app/www/assets/fonts/rubik-italic-cyrillic.woff2
2020-09-09 02:28:21 +0000  copying file ./Payload/easyPoD.app/www/assets/fonts/roboto-medium.woff2 ... 
2020-09-09 02:28:21 +0000  10192 bytes for ./Payload/easyPoD.app/www/assets/fonts/roboto-medium.woff2
2020-09-09 02:28:21 +0000  copying file ./Payload/easyPoD.app/www/assets/fonts/ionicons.woff ... 
2020-09-09 02:28:21 +0000  80356 bytes for ./Payload/easyPoD.app/www/assets/fonts/ionicons.woff
2020-09-09 02:28:21 +0000  copying file ./Payload/easyPoD.app/www/assets/fonts/rubik-bold-latin.woff2 ... 
2020-09-09 02:28:21 +0000  16184 bytes for ./Payload/easyPoD.app/www/assets/fonts/rubik-bold-latin.woff2
2020-09-09 02:28:21 +0000  copying file ./Payload/easyPoD.app/www/assets/fonts/rubik-bold-latin-ext.woff2 ... 
2020-09-09 02:28:21 +0000  8972 bytes for ./Payload/easyPoD.app/www/assets/fonts/rubik-bold-latin-ext.woff2
2020-09-09 02:28:21 +0000  copying file ./Payload/easyPoD.app/www/assets/fonts/rubik-medium-cyrillic.woff2 ... 
2020-09-09 02:28:21 +0000  6672 bytes for ./Payload/easyPoD.app/www/assets/fonts/rubik-medium-cyrillic.woff2
2020-09-09 02:28:21 +0000  copying file ./Payload/easyPoD.app/www/assets/fonts/rubik-light-latin-ext.woff2 ... 
2020-09-09 02:28:21 +0000  8188 bytes for ./Payload/easyPoD.app/www/assets/fonts/rubik-light-latin-ext.woff2
2020-09-09 02:28:21 +0000  copying file ./Payload/easyPoD.app/www/assets/fonts/roboto-bold.woff2 ... 
2020-09-09 02:28:21 +0000  10212 bytes for ./Payload/easyPoD.app/www/assets/fonts/roboto-bold.woff2
2020-09-09 02:28:21 +0000  copying file ./Payload/easyPoD.app/www/assets/fonts/rubik-light-italic-latin-ext.woff2 ... 
2020-09-09 02:28:21 +0000  9372 bytes for ./Payload/easyPoD.app/www/assets/fonts/rubik-light-italic-latin-ext.woff2
2020-09-09 02:28:21 +0000  copying file ./Payload/easyPoD.app/www/assets/fonts/rubik-light-italic-hebrew.woff2 ... 
2020-09-09 02:28:21 +0000  3840 bytes for ./Payload/easyPoD.app/www/assets/fonts/rubik-light-italic-hebrew.woff2
2020-09-09 02:28:21 +0000  copying file ./Payload/easyPoD.app/www/assets/fonts/rubik-light-hebrew.woff2 ... 
2020-09-09 02:28:21 +0000  3544 bytes for ./Payload/easyPoD.app/www/assets/fonts/rubik-light-hebrew.woff2
copying file ./Payload/easyPoD.app/www/assets/fonts/rubik-light-italic-cyrillic.woff2 ... 
2020-09-09 02:28:21 +0000  6996 bytes for ./Payload/easyPoD.app/www/assets/fonts/rubik-light-italic-cyrillic.woff2
2020-09-09 02:28:21 +0000  copying file ./Payload/easyPoD.app/www/assets/fonts/rubik-black-latin.woff2 ... 
2020-09-09 02:28:21 +0000  14792 bytes for ./Payload/easyPoD.app/www/assets/fonts/rubik-black-latin.woff2
2020-09-09 02:28:21 +0000  copying file ./Payload/easyPoD.app/www/assets/fonts/rubik-medium-latin.woff2 ... 
2020-09-09 02:28:21 +0000  16236 bytes for ./Payload/easyPoD.app/www/assets/fonts/rubik-medium-latin.woff2
2020-09-09 02:28:21 +0000  copying file ./Payload/easyPoD.app/www/assets/fonts/rubik-italic-latin.woff2 ... 
2020-09-09 02:28:21 +0000  16856 bytes for ./Payload/easyPoD.app/www/assets/fonts/rubik-italic-latin.woff2
2020-09-09 02:28:21 +0000  copying file ./Payload/easyPoD.app/www/assets/fonts/rubik-italic-latin-ext.woff2 ... 
2020-09-09 02:28:21 +0000  10168 bytes for ./Payload/easyPoD.app/www/assets/fonts/rubik-italic-latin-ext.woff2
2020-09-09 02:28:21 +0000  copying file ./Payload/easyPoD.app/www/assets/fonts/roboto-medium.woff ... 
2020-09-09 02:28:21 +0000  13248 bytes for ./Payload/easyPoD.app/www/assets/fonts/roboto-medium.woff
2020-09-09 02:28:21 +0000  copying file ./Payload/easyPoD.app/www/assets/fonts/rubik-medium-italic-hebrew.woff2 ... 
2020-09-09 02:28:21 +0000  4188 bytes for ./Payload/easyPoD.app/www/assets/fonts/rubik-medium-italic-hebrew.woff2
2020-09-09 02:28:21 +0000  copying file ./Payload/easyPoD.app/www/assets/fonts/rubik-light-cyrillic.woff2 ... 
2020-09-09 02:28:21 +0000  6120 bytes for ./Payload/easyPoD.app/www/assets/fonts/rubik-light-cyrillic.woff2
copying file ./Payload/easyPoD.app/www/assets/fonts/roboto-bold.woff ... 
2020-09-09 02:28:21 +0000  13348 bytes for ./Payload/easyPoD.app/www/assets/fonts/roboto-bold.woff
2020-09-09 02:28:21 +0000  copying file ./Payload/easyPoD.app/www/assets/fonts/rubik-bold-hebrew.woff2 ... 
2020-09-09 02:28:21 +0000  3888 bytes for ./Payload/easyPoD.app/www/assets/fonts/rubik-bold-hebrew.woff2
copying file ./Payload/easyPoD.app/www/assets/fonts/rubik-black-hebrew.woff2 ... 
2020-09-09 02:28:21 +0000  3988 bytes for ./Payload/easyPoD.app/www/assets/fonts/rubik-black-hebrew.woff2
2020-09-09 02:28:21 +0000  copying file ./Payload/easyPoD.app/www/assets/fonts/rubik-black-italic-hebrew.woff2 ... 
2020-09-09 02:28:21 +0000  4132 bytes for ./Payload/easyPoD.app/www/assets/fonts/rubik-black-italic-hebrew.woff2
copying file ./Payload/easyPoD.app/www/assets/fonts/rubik-bold-italic-latin.woff2 ... 
2020-09-09 02:28:21 +0000  16876 bytes for ./Payload/easyPoD.app/www/assets/fonts/rubik-bold-italic-latin.woff2
2020-09-09 02:28:21 +0000  copying file ./Payload/easyPoD.app/www/assets/fonts/rubik-regular-hebrew.woff2 ... 
2020-09-09 02:28:21 +0000  3836 bytes for ./Payload/easyPoD.app/www/assets/fonts/rubik-regular-hebrew.woff2
copying file ./Payload/easyPoD.app/www/assets/fonts/rubik-italic-hebrew.woff2 ... 
2020-09-09 02:28:21 +0000  4056 bytes for ./Payload/easyPoD.app/www/assets/fonts/rubik-italic-hebrew.woff2
2020-09-09 02:28:21 +0000  copying file ./Payload/easyPoD.app/www/assets/fonts/rubik-black-latin-ext.woff2 ... 
2020-09-09 02:28:21 +0000  8284 bytes for ./Payload/easyPoD.app/www/assets/fonts/rubik-black-latin-ext.woff2
copying file ./Payload/easyPoD.app/www/assets/fonts/rubik-black-italic-cyrillic.woff2 ... 
2020-09-09 02:28:21 +0000  6800 bytes for ./Payload/easyPoD.app/www/assets/fonts/rubik-black-italic-cyrillic.woff2
2020-09-09 02:28:21 +0000  copying file ./Payload/easyPoD.app/www/assets/fonts/rubik-medium-italic-cyrillic.woff2 ... 
2020-09-09 02:28:21 +0000  7528 bytes for ./Payload/easyPoD.app/www/assets/fonts/rubik-medium-italic-cyrillic.woff2
2020-09-09 02:28:21 +0000  copying file ./Payload/easyPoD.app/www/assets/fonts/rubik-medium-italic-latin.woff2 ... 
2020-09-09 02:28:21 +0000  16948 bytes for ./Payload/easyPoD.app/www/assets/fonts/rubik-medium-italic-latin.woff2
2020-09-09 02:28:21 +0000  copying file ./Payload/easyPoD.app/www/assets/fonts/ionicons.woff2 ... 
2020-09-09 02:28:21 +0000  61020 bytes for ./Payload/easyPoD.app/www/assets/fonts/ionicons.woff2
2020-09-09 02:28:21 +0000  copying file ./Payload/easyPoD.app/www/assets/fonts/rubik-black-italic-latin.woff2 ... 
2020-09-09 02:28:21 +0000  15620 bytes for ./Payload/easyPoD.app/www/assets/fonts/rubik-black-italic-latin.woff2
2020-09-09 02:28:21 +0000  copying file ./Payload/easyPoD.app/www/assets/fonts/rubik-light-italic-latin.woff2 ... 
2020-09-09 02:28:21 +0000  15572 bytes for ./Payload/easyPoD.app/www/assets/fonts/rubik-light-italic-latin.woff2
2020-09-09 02:28:21 +0000  copying file ./Payload/easyPoD.app/www/assets/fonts/rubik-regular-latin-ext.woff2 ... 
2020-09-09 02:28:21 +0000  9036 bytes for ./Payload/easyPoD.app/www/assets/fonts/rubik-regular-latin-ext.woff2
2020-09-09 02:28:21 +0000  copying file ./Payload/easyPoD.app/www/assets/fonts/rubik-medium-hebrew.woff2 ... 
2020-09-09 02:28:21 +0000  3936 bytes for ./Payload/easyPoD.app/www/assets/fonts/rubik-medium-hebrew.woff2
2020-09-09 02:28:21 +0000  copying file ./Payload/easyPoD.app/www/assets/fonts/rubik-bold-italic-latin-ext.woff2 ... 
2020-09-09 02:28:21 +0000  10084 bytes for ./Payload/easyPoD.app/www/assets/fonts/rubik-bold-italic-latin-ext.woff2
2020-09-09 02:28:21 +0000  copying file ./Payload/easyPoD.app/www/assets/fonts/rubik-black-italic-latin-ext.woff2 ... 
2020-09-09 02:28:21 +0000  9248 bytes for ./Payload/easyPoD.app/www/assets/fonts/rubik-black-italic-latin-ext.woff2
2020-09-09 02:28:21 +0000  copying file ./Payload/easyPoD.app/www/wk-plugin.js ... 
2020-09-09 02:28:21 +0000  1779 bytes for ./Payload/easyPoD.app/www/wk-plugin.js
2020-09-09 02:28:21 +0000  copying file ./Payload/easyPoD.app/LaunchImage-Landscape~ipad.png ... 
2020-09-09 02:28:21 +0000  1349735 bytes for ./Payload/easyPoD.app/LaunchImage-Landscape~ipad.png
copying file ./Payload/easyPoD.app/LaunchImage-700-Portrait~ipad.png ... 
2020-09-09 02:28:22 +0000  1273311 bytes for ./Payload/easyPoD.app/LaunchImage-700-Portrait~ipad.png
2020-09-09 02:28:22 +0000  copying file ./Payload/easyPoD.app/Assets.car ... 
2020-09-09 02:28:22 +0000  14759391 bytes for ./Payload/easyPoD.app/Assets.car
2020-09-09 02:28:22 +0000  copying file ./Payload/easyPoD.app/AppIcon40x40@2x~ipad.png ... 
2020-09-09 02:28:22 +0000  4946 bytes for ./Payload/easyPoD.app/AppIcon40x40@2x~ipad.png
copying file ./Payload/easyPoD.app/AppIcon76x76@2x~ipad.png ... 
2020-09-09 02:28:22 +0000  8172 bytes for ./Payload/easyPoD.app/AppIcon76x76@2x~ipad.png
2020-09-09 02:28:22 +0000  copying file ./Payload/easyPoD.app/LaunchImage-800-Portrait-736h@3x.png ... 
2020-09-09 02:28:22 +0000  3737191 bytes for ./Payload/easyPoD.app/LaunchImage-800-Portrait-736h@3x.png
2020-09-09 02:28:22 +0000  copying file ./Payload/easyPoD.app/AppIcon72x72~ipad.png ... 
2020-09-09 02:28:22 +0000  4410 bytes for ./Payload/easyPoD.app/AppIcon72x72~ipad.png
copying file ./Payload/easyPoD.app/CDVLaunchScreen.storyboardc/01J-lp-oVM-view-Ze5-6b-2t3.nib ... 
2020-09-09 02:28:22 +0000  2326 bytes for ./Payload/easyPoD.app/CDVLaunchScreen.storyboardc/01J-lp-oVM-view-Ze5-6b-2t3.nib
2020-09-09 02:28:22 +0000  copying file ./Payload/easyPoD.app/CDVLaunchScreen.storyboardc/UIViewController-01J-lp-oVM.nib ... 
896 bytes for ./Payload/easyPoD.app/CDVLaunchScreen.storyboardc/UIViewController-01J-lp-oVM.nib
2020-09-09 02:28:22 +0000  copying file ./Payload/easyPoD.app/CDVLaunchScreen.storyboardc/Info.plist ... 
258 bytes for ./Payload/easyPoD.app/CDVLaunchScreen.storyboardc/Info.plist
2020-09-09 02:28:22 +0000  copying file ./Payload/easyPoD.app/LaunchImage-700@2x.png ... 
2020-09-09 02:28:22 +0000  999146 bytes for ./Payload/easyPoD.app/LaunchImage-700@2x.png
2020-09-09 02:28:22 +0000  copying file ./Payload/easyPoD.app/AppIcon83.5x83.5@2x~ipad.png ... 
2020-09-09 02:28:22 +0000  8926 bytes for ./Payload/easyPoD.app/AppIcon83.5x83.5@2x~ipad.png
2020-09-09 02:28:22 +0000  copying file ./Payload/easyPoD.app/LaunchImage-700-568h@2x.png ... 
2020-09-09 02:28:22 +0000  1129680 bytes for ./Payload/easyPoD.app/LaunchImage-700-568h@2x.png
2020-09-09 02:28:22 +0000  copying file ./Payload/easyPoD.app/LaunchImage-Landscape@2x~ipad.png ... 
2020-09-09 02:28:23 +0000  4776766 bytes for ./Payload/easyPoD.app/LaunchImage-Landscape@2x~ipad.png
2020-09-09 02:28:23 +0000  copying file ./Payload/easyPoD.app/CDVNotification.bundle/beep.wav ... 
2020-09-09 02:28:23 +0000  8114 bytes for ./Payload/easyPoD.app/CDVNotification.bundle/beep.wav
copying file ./Payload/easyPoD.app/AppIcon50x50~ipad.png ... 
2020-09-09 02:28:23 +0000  3111 bytes for ./Payload/easyPoD.app/AppIcon50x50~ipad.png
copying file ./Payload/easyPoD.app/AppIcon29x29@2x~ipad.png ... 
2020-09-09 02:28:23 +0000  3455 bytes for ./Payload/easyPoD.app/AppIcon29x29@2x~ipad.png
copying file ./Payload/easyPoD.app/LaunchImage-700-Landscape@2x~ipad.png ... 
2020-09-09 02:28:23 +0000  4776766 bytes for ./Payload/easyPoD.app/LaunchImage-700-Landscape@2x~ipad.png
2020-09-09 02:28:23 +0000  copying file ./Payload/easyPoD.app/AppIcon50x50@2x~ipad.png ... 
5755 bytes for ./Payload/easyPoD.app/AppIcon50x50@2x~ipad.png
2020-09-09 02:28:23 +0000  copying file ./Payload/easyPoD.app/AppIcon40x40~ipad.png ... 
2020-09-09 02:28:23 +0000  2435 bytes for ./Payload/easyPoD.app/AppIcon40x40~ipad.png
copying file ./Payload/easyPoD.app/AppIcon20x20~ipad.png ... 
2020-09-09 02:28:23 +0000  1101 bytes for ./Payload/easyPoD.app/AppIcon20x20~ipad.png
copying file ./Payload/easyPoD.app/LaunchImage.png ... 
2020-09-09 02:28:23 +0000  283065 bytes for ./Payload/easyPoD.app/LaunchImage.png
2020-09-09 02:28:23 +0000  copying file ./Payload/easyPoD.app/embedded.mobileprovision ... 
2020-09-09 02:28:23 +0000  7337 bytes for ./Payload/easyPoD.app/embedded.mobileprovision
2020-09-09 02:28:23 +0000  copying file ./Payload/easyPoD.app/LaunchImage-800-Landscape-736h@3x.png ... 
2020-09-09 02:28:23 +0000  4465798 bytes for ./Payload/easyPoD.app/LaunchImage-800-Landscape-736h@3x.png
2020-09-09 02:28:23 +0000  copying file ./Payload/easyPoD.app/LaunchImage-700-Portrait@2x~ipad.png ... 
2020-09-09 02:28:23 +0000  4486765 bytes for ./Payload/easyPoD.app/LaunchImage-700-Portrait@2x~ipad.png
2020-09-09 02:28:23 +0000  copying file ./Payload/easyPoD.app/LaunchImage-700-Landscape~ipad.png ... 
2020-09-09 02:28:23 +0000  1349735 bytes for ./Payload/easyPoD.app/LaunchImage-700-Landscape~ipad.png
2020-09-09 02:28:23 +0000  copying file ./Payload/easyPoD.app/easyPoD ... 
2020-09-09 02:28:23 +0000  2843536 bytes for ./Payload/easyPoD.app/easyPoD
2020-09-09 02:28:23 +0000  copying file ./Payload/easyPoD.app/AppIcon20x20@2x~ipad.png ... 
2435 bytes for ./Payload/easyPoD.app/AppIcon20x20@2x~ipad.png
copying file ./Payload/easyPoD.app/Info.plist ... 
2020-09-09 02:28:23 +0000  2775 bytes for ./Payload/easyPoD.app/Info.plist
copying file ./Payload/easyPoD.app/PkgInfo ... 
2020-09-09 02:28:23 +0000  8 bytes for ./Payload/easyPoD.app/PkgInfo
copying file ./Payload/easyPoD.app/AppIcon76x76~ipad.png ... 
2020-09-09 02:28:23 +0000  4584 bytes for ./Payload/easyPoD.app/AppIcon76x76~ipad.png
2020-09-09 02:28:23 +0000  /usr/bin/ditto exited with 0
2020-09-09 02:28:23 +0000  Processing step: IDEDistributionAppStoreInformationStep
2020-09-09 02:28:23 +0000  Skipping step: IDEDistributionAppStoreInformationStep because it said so
2020-09-09 02:28:23 +0000  Processing step: IDEDistributionGenerateProcessedDistributionItems
2020-09-09 02:28:23 +0000  Processing step: IDEDistributionCreateManifestStep
